/home/donghuiy/miniconda3/envs/ml_project/lib/python3.7/site-packages/tensorflow/python/framework/dtypes.py:516: FutureWarning: Passing (type, 1) or '1type' as a synonym of type is deprecated; in a future version of numpy, it will be understood as (type, (1,)) / '(1,)type'.
  _np_qint8 = np.dtype([("qint8", np.int8, 1)])
/home/donghuiy/miniconda3/envs/ml_project/lib/python3.7/site-packages/tensorflow/python/framework/dtypes.py:517: FutureWarning: Passing (type, 1) or '1type' as a synonym of type is deprecated; in a future version of numpy, it will be understood as (type, (1,)) / '(1,)type'.
  _np_quint8 = np.dtype([("quint8", np.uint8, 1)])
/home/donghuiy/miniconda3/envs/ml_project/lib/python3.7/site-packages/tensorflow/python/framework/dtypes.py:518: FutureWarning: Passing (type, 1) or '1type' as a synonym of type is deprecated; in a future version of numpy, it will be understood as (type, (1,)) / '(1,)type'.
  _np_qint16 = np.dtype([("qint16", np.int16, 1)])
/home/donghuiy/miniconda3/envs/ml_project/lib/python3.7/site-packages/tensorflow/python/framework/dtypes.py:519: FutureWarning: Passing (type, 1) or '1type' as a synonym of type is deprecated; in a future version of numpy, it will be understood as (type, (1,)) / '(1,)type'.
  _np_quint16 = np.dtype([("quint16", np.uint16, 1)])
/home/donghuiy/miniconda3/envs/ml_project/lib/python3.7/site-packages/tensorflow/python/framework/dtypes.py:520: FutureWarning: Passing (type, 1) or '1type' as a synonym of type is deprecated; in a future version of numpy, it will be understood as (type, (1,)) / '(1,)type'.
  _np_qint32 = np.dtype([("qint32", np.int32, 1)])
/home/donghuiy/miniconda3/envs/ml_project/lib/python3.7/site-packages/tensorflow/python/framework/dtypes.py:525: FutureWarning: Passing (type, 1) or '1type' as a synonym of type is deprecated; in a future version of numpy, it will be understood as (type, (1,)) / '(1,)type'.
  np_resource = np.dtype([("resource", np.ubyte, 1)])
/home/donghuiy/miniconda3/envs/ml_project/lib/python3.7/site-packages/tensorboard/compat/tensorflow_stub/dtypes.py:541: FutureWarning: Passing (type, 1) or '1type' as a synonym of type is deprecated; in a future version of numpy, it will be understood as (type, (1,)) / '(1,)type'.
  _np_qint8 = np.dtype([("qint8", np.int8, 1)])
/home/donghuiy/miniconda3/envs/ml_project/lib/python3.7/site-packages/tensorboard/compat/tensorflow_stub/dtypes.py:542: FutureWarning: Passing (type, 1) or '1type' as a synonym of type is deprecated; in a future version of numpy, it will be understood as (type, (1,)) / '(1,)type'.
  _np_quint8 = np.dtype([("quint8", np.uint8, 1)])
/home/donghuiy/miniconda3/envs/ml_project/lib/python3.7/site-packages/tensorboard/compat/tensorflow_stub/dtypes.py:543: FutureWarning: Passing (type, 1) or '1type' as a synonym of type is deprecated; in a future version of numpy, it will be understood as (type, (1,)) / '(1,)type'.
  _np_qint16 = np.dtype([("qint16", np.int16, 1)])
/home/donghuiy/miniconda3/envs/ml_project/lib/python3.7/site-packages/tensorboard/compat/tensorflow_stub/dtypes.py:544: FutureWarning: Passing (type, 1) or '1type' as a synonym of type is deprecated; in a future version of numpy, it will be understood as (type, (1,)) / '(1,)type'.
  _np_quint16 = np.dtype([("quint16", np.uint16, 1)])
/home/donghuiy/miniconda3/envs/ml_project/lib/python3.7/site-packages/tensorboard/compat/tensorflow_stub/dtypes.py:545: FutureWarning: Passing (type, 1) or '1type' as a synonym of type is deprecated; in a future version of numpy, it will be understood as (type, (1,)) / '(1,)type'.
  _np_qint32 = np.dtype([("qint32", np.int32, 1)])
/home/donghuiy/miniconda3/envs/ml_project/lib/python3.7/site-packages/tensorboard/compat/tensorflow_stub/dtypes.py:550: FutureWarning: Passing (type, 1) or '1type' as a synonym of type is deprecated; in a future version of numpy, it will be understood as (type, (1,)) / '(1,)type'.
  np_resource = np.dtype([("resource", np.ubyte, 1)])
2022-12-03 20:05:30.381334: I tensorflow/core/platform/cpu_feature_guard.cc:142] Your CPU supports instructions that this TensorFlow binary was not compiled to use: SSE4.1 SSE4.2 AVX AVX2 AVX512F FMA
2022-12-03 20:05:30.399588: I tensorflow/core/platform/profile_utils/cpu_utils.cc:94] CPU Frequency: 2200000000 Hz
2022-12-03 20:05:30.399693: I tensorflow/compiler/xla/service/service.cc:168] XLA service 0x5600c6abda70 executing computations on platform Host. Devices:
2022-12-03 20:05:30.399703: I tensorflow/compiler/xla/service/service.cc:175]   StreamExecutor device (0): <undefined>, <undefined>
2022-12-03 20:05:30.400654: I tensorflow/stream_executor/platform/default/dso_loader.cc:53] Could not dlopen library 'libcuda.so.1'; dlerror: libcuda.so.1: cannot open shared object file: No such file or directory; LD_LIBRARY_PATH: /opt/openmpi/lib
2022-12-03 20:05:30.400669: E tensorflow/stream_executor/cuda/cuda_driver.cc:318] failed call to cuInit: UNKNOWN ERROR (303)
2022-12-03 20:05:30.400683: I tensorflow/stream_executor/cuda/cuda_diagnostics.cc:156] kernel driver does not appear to be running on this host (compute-0-35.local): /proc/driver/nvidia/version does not exist
WARNING:tensorflow:From /home/mleone2/ml_class_project/ProteinGAN/src/gan/sngan/base_model.py:22: The name tf.logging.INFO is deprecated. Please use tf.compat.v1.logging.INFO instead.

WARNING:tensorflow:From /home/mleone2/ml_class_project/ProteinGAN/src/gan/train_gan.py:78: The name tf.app.run is deprecated. Please use tf.compat.v1.app.run instead.

WARNING:tensorflow:From /home/mleone2/ml_class_project/ProteinGAN/src/gan/train_gan.py:29: The name tf.logging.set_verbosity is deprecated. Please use tf.compat.v1.logging.set_verbosity instead.

W1203 20:05:48.140585 140650540558144 deprecation_wrapper.py:119] From /home/mleone2/ml_class_project/ProteinGAN/src/gan/train_gan.py:29: The name tf.logging.set_verbosity is deprecated. Please use tf.compat.v1.logging.set_verbosity instead.

WARNING:tensorflow:From /home/mleone2/ml_class_project/ProteinGAN/src/gan/documentation.py:224: The name tf.gfile.MakeDirs is deprecated. Please use tf.io.gfile.makedirs instead.

W1203 20:05:48.141360 140650540558144 deprecation_wrapper.py:119] From /home/mleone2/ml_class_project/ProteinGAN/src/gan/documentation.py:224: The name tf.gfile.MakeDirs is deprecated. Please use tf.io.gfile.makedirs instead.

WARNING:tensorflow:From /home/mleone2/ml_class_project/ProteinGAN/src/gan/documentation.py:225: The name tf.logging.info is deprecated. Please use tf.compat.v1.logging.info instead.

W1203 20:05:48.142487 140650540558144 deprecation_wrapper.py:119] From /home/mleone2/ml_class_project/ProteinGAN/src/gan/documentation.py:225: The name tf.logging.info is deprecated. Please use tf.compat.v1.logging.info instead.

INFO:tensorflow:Results will be saved in: /home/mleone2/ml_class_project/ProteinGAN/src/gan/../../weights/protein/our_data/sngan/gumbel/58x512_one_hot/non_saturating/batch_size=16/d_dim_30_g_dim_44/moh1_run_k_3x3_d_1_conv
I1203 20:05:48.142564 140650540558144 documentation.py:225] Results will be saved in: /home/mleone2/ml_class_project/ProteinGAN/src/gan/../../weights/protein/our_data/sngan/gumbel/58x512_one_hot/non_saturating/batch_size=16/d_dim_30_g_dim_44/moh1_run_k_3x3_d_1_conv
WARNING:tensorflow:From /home/mleone2/ml_class_project/ProteinGAN/src/gan/protein/protein.py:38: The name tf.logging.warn is deprecated. Please use tf.compat.v1.logging.warn instead.

W1203 20:05:48.146683 140650540558144 deprecation_wrapper.py:119] From /home/mleone2/ml_class_project/ProteinGAN/src/gan/protein/protein.py:38: The name tf.logging.warn is deprecated. Please use tf.compat.v1.logging.warn instead.

WARNING:tensorflow:Reaction file could not be loaded: [Errno 2] No such file or directory: '/home/mleone2/ml_class_project/ProteinGAN/src/gan/../../data/protein/our_data/train_reactions.npy'
W1203 20:05:48.146781 140650540558144 protein.py:38] Reaction file could not be loaded: [Errno 2] No such file or directory: '/home/mleone2/ml_class_project/ProteinGAN/src/gan/../../data/protein/our_data/train_reactions.npy'
WARNING:tensorflow:From /home/mleone2/ml_class_project/ProteinGAN/src/gan/gan_base_model.py:16: The name tf.train.create_global_step is deprecated. Please use tf.compat.v1.train.create_global_step instead.

W1203 20:05:48.148422 140650540558144 deprecation_wrapper.py:119] From /home/mleone2/ml_class_project/ProteinGAN/src/gan/gan_base_model.py:16: The name tf.train.create_global_step is deprecated. Please use tf.compat.v1.train.create_global_step instead.

WARNING:tensorflow:From /home/mleone2/ml_class_project/ProteinGAN/src/common/model/ops.py:510: The name tf.variable_scope is deprecated. Please use tf.compat.v1.variable_scope instead.

W1203 20:05:48.152078 140650540558144 deprecation_wrapper.py:119] From /home/mleone2/ml_class_project/ProteinGAN/src/common/model/ops.py:510: The name tf.variable_scope is deprecated. Please use tf.compat.v1.variable_scope instead.

WARNING:tensorflow:From /home/mleone2/ml_class_project/ProteinGAN/src/gan/gan_base_model.py:30: The name tf.AUTO_REUSE is deprecated. Please use tf.compat.v1.AUTO_REUSE instead.

W1203 20:05:48.152433 140650540558144 deprecation_wrapper.py:119] From /home/mleone2/ml_class_project/ProteinGAN/src/gan/gan_base_model.py:30: The name tf.AUTO_REUSE is deprecated. Please use tf.compat.v1.AUTO_REUSE instead.

WARNING:tensorflow:From /home/mleone2/ml_class_project/ProteinGAN/src/common/model/utils_ori.py:30: The name tf.gfile.Glob is deprecated. Please use tf.io.gfile.glob instead.

W1203 20:05:48.153734 140650540558144 deprecation_wrapper.py:119] From /home/mleone2/ml_class_project/ProteinGAN/src/common/model/utils_ori.py:30: The name tf.gfile.Glob is deprecated. Please use tf.io.gfile.glob instead.

WARNING:tensorflow:From /home/mleone2/ml_class_project/ProteinGAN/src/common/model/utils_ori.py:112: The name tf.parse_single_example is deprecated. Please use tf.io.parse_single_example instead.

W1203 20:05:48.185608 140650540558144 deprecation_wrapper.py:119] From /home/mleone2/ml_class_project/ProteinGAN/src/common/model/utils_ori.py:112: The name tf.parse_single_example is deprecated. Please use tf.io.parse_single_example instead.

WARNING:tensorflow:From /home/mleone2/ml_class_project/ProteinGAN/src/common/model/utils_ori.py:115: The name tf.FixedLenFeature is deprecated. Please use tf.io.FixedLenFeature instead.

W1203 20:05:48.185784 140650540558144 deprecation_wrapper.py:119] From /home/mleone2/ml_class_project/ProteinGAN/src/common/model/utils_ori.py:115: The name tf.FixedLenFeature is deprecated. Please use tf.io.FixedLenFeature instead.

WARNING:tensorflow:From /home/mleone2/ml_class_project/ProteinGAN/src/common/model/utils_ori.py:116: The name tf.FixedLenSequenceFeature is deprecated. Please use tf.io.FixedLenSequenceFeature instead.

W1203 20:05:48.185868 140650540558144 deprecation_wrapper.py:119] From /home/mleone2/ml_class_project/ProteinGAN/src/common/model/utils_ori.py:116: The name tf.FixedLenSequenceFeature is deprecated. Please use tf.io.FixedLenSequenceFeature instead.

WARNING:tensorflow:From /home/mleone2/ml_class_project/ProteinGAN/src/common/model/utils_ori.py:53: DatasetV1.make_one_shot_iterator (from tensorflow.python.data.ops.dataset_ops) is deprecated and will be removed in a future version.
Instructions for updating:
Use `for ... in dataset:` to iterate over a dataset. If using `tf.estimator`, return the `Dataset` object directly from your input function. As a last resort, you can use `tf.compat.v1.data.make_one_shot_iterator(dataset)`.
W1203 20:05:48.220298 140650540558144 deprecation.py:323] From /home/mleone2/ml_class_project/ProteinGAN/src/common/model/utils_ori.py:53: DatasetV1.make_one_shot_iterator (from tensorflow.python.data.ops.dataset_ops) is deprecated and will be removed in a future version.
Instructions for updating:
Use `for ... in dataset:` to iterate over a dataset. If using `tf.estimator`, return the `Dataset` object directly from your input function. As a last resort, you can use `tf.compat.v1.data.make_one_shot_iterator(dataset)`.
WARNING:tensorflow:From /home/mleone2/ml_class_project/ProteinGAN/src/gan/sngan/base_model.py:23: The name tf.logging.log is deprecated. Please use tf.compat.v1.logging.log instead.

W1203 20:05:48.276301 140650540558144 deprecation_wrapper.py:119] From /home/mleone2/ml_class_project/ProteinGAN/src/gan/sngan/base_model.py:23: The name tf.logging.log is deprecated. Please use tf.compat.v1.logging.log instead.

INFO:tensorflow:Generator: (16, 1, 8, 1408)
I1203 20:05:48.276507 140650540558144 base_model.py:23] Generator: (16, 1, 8, 1408)
WARNING:tensorflow:From /home/mleone2/ml_class_project/ProteinGAN/src/gan/sngan/generator.py:56: The name tf.summary.histogram is deprecated. Please use tf.compat.v1.summary.histogram instead.

W1203 20:05:48.388699 140650540558144 deprecation_wrapper.py:119] From /home/mleone2/ml_class_project/ProteinGAN/src/gan/sngan/generator.py:56: The name tf.summary.histogram is deprecated. Please use tf.compat.v1.summary.histogram instead.

INFO:tensorflow:Generator: (16, 1, 16, 1408)
I1203 20:05:48.390052 140650540558144 base_model.py:23] Generator: (16, 1, 16, 1408)
INFO:tensorflow:Generator: (16, 1, 32, 704)
I1203 20:05:48.498135 140650540558144 base_model.py:23] Generator: (16, 1, 32, 704)
INFO:tensorflow:Generator: (16, 1, 64, 352)
I1203 20:05:48.606185 140650540558144 base_model.py:23] Generator: (16, 1, 64, 352)
INFO:tensorflow:Generator: (16, 1, 128, 176)
I1203 20:05:48.802619 140650540558144 base_model.py:23] Generator: (16, 1, 128, 176)
INFO:tensorflow:Generator: (16, 1, 256, 88)
I1203 20:05:49.021552 140650540558144 base_model.py:23] Generator: (16, 1, 256, 88)
WARNING:tensorflow:From /home/donghuiy/miniconda3/envs/ml_project/lib/python3.7/site-packages/tensorflow/python/training/training_util.py:236: Variable.initialized_value (from tensorflow.python.ops.variables) is deprecated and will be removed in a future version.
Instructions for updating:
Use Variable.read_value. Variables in 2.X are initialized automatically both in eager and graph (inside tf.defun) contexts.
W1203 20:05:49.160844 140650540558144 deprecation.py:323] From /home/donghuiy/miniconda3/envs/ml_project/lib/python3.7/site-packages/tensorflow/python/training/training_util.py:236: Variable.initialized_value (from tensorflow.python.ops.variables) is deprecated and will be removed in a future version.
Instructions for updating:
Use Variable.read_value. Variables in 2.X are initialized automatically both in eager and graph (inside tf.defun) contexts.
INFO:tensorflow:Generator: output (16, 1, 512, 4)
I1203 20:05:49.206158 140650540558144 base_model.py:23] Generator: output (16, 1, 512, 4)
INFO:tensorflow:Discriminator
I1203 20:05:49.207196 140650540558144 discriminator.py:20] Discriminator
INFO:tensorflow:Discriminator: (16, 1, 512, 30)
I1203 20:05:49.237139 140650540558144 base_model.py:23] Discriminator: (16, 1, 512, 30)
INFO:tensorflow:Discriminator: (16, 1, 256, 60)
I1203 20:05:49.423702 140650540558144 base_model.py:23] Discriminator: (16, 1, 256, 60)
INFO:tensorflow:Discriminator: (16, 1, 128, 120)
I1203 20:05:49.513446 140650540558144 base_model.py:23] Discriminator: (16, 1, 128, 120)
INFO:tensorflow:Discriminator: (16, 1, 64, 240)
I1203 20:05:49.603221 140650540558144 base_model.py:23] Discriminator: (16, 1, 64, 240)
INFO:tensorflow:Discriminator: (16, 1, 32, 480)
I1203 20:05:49.693318 140650540558144 base_model.py:23] Discriminator: (16, 1, 32, 480)
INFO:tensorflow:Discriminator: (16, 1, 16, 960)
I1203 20:05:49.896080 140650540558144 base_model.py:23] Discriminator: (16, 1, 16, 960)
INFO:tensorflow:Discriminator: (16, 1, 8, 120)
I1203 20:05:50.116001 140650540558144 base_model.py:23] Discriminator: (16, 1, 8, 120)
WARNING:tensorflow:From /home/mleone2/ml_class_project/ProteinGAN/src/gan/sngan/discriminator_gumbel.py:39: flatten (from tensorflow.python.layers.core) is deprecated and will be removed in a future version.
Instructions for updating:
Use keras.layers.flatten instead.
W1203 20:05:50.116198 140650540558144 deprecation.py:323] From /home/mleone2/ml_class_project/ProteinGAN/src/gan/sngan/discriminator_gumbel.py:39: flatten (from tensorflow.python.layers.core) is deprecated and will be removed in a future version.
Instructions for updating:
Use keras.layers.flatten instead.
WARNING:tensorflow:From /home/mleone2/ml_class_project/ProteinGAN/src/gan/sngan/discriminator_gumbel.py:40: The name tf.summary.scalar is deprecated. Please use tf.compat.v1.summary.scalar instead.

W1203 20:05:50.363311 140650540558144 deprecation_wrapper.py:119] From /home/mleone2/ml_class_project/ProteinGAN/src/gan/sngan/discriminator_gumbel.py:40: The name tf.summary.scalar is deprecated. Please use tf.compat.v1.summary.scalar instead.

WARNING:tensorflow:From /home/mleone2/ml_class_project/ProteinGAN/src/gan/sngan/discriminator_gumbel.py:41: py_func (from tensorflow.python.ops.script_ops) is deprecated and will be removed in a future version.
Instructions for updating:
tf.py_func is deprecated in TF V2. Instead, there are two
    options available in V2.
    - tf.py_function takes a python function which manipulates tf eager
    tensors instead of numpy arrays. It's easy to convert a tf eager tensor to
    an ndarray (just call tensor.numpy()) but having access to eager tensors
    means `tf.py_function`s can use accelerators such as GPUs as well as
    being differentiable using a gradient tape.
    - tf.numpy_function maintains the semantics of the deprecated tf.py_func
    (it is not differentiable, and manipulates numpy arrays). It drops the
    stateful argument making all functions stateful.
    
W1203 20:05:50.364689 140650540558144 deprecation.py:323] From /home/mleone2/ml_class_project/ProteinGAN/src/gan/sngan/discriminator_gumbel.py:41: py_func (from tensorflow.python.ops.script_ops) is deprecated and will be removed in a future version.
Instructions for updating:
tf.py_func is deprecated in TF V2. Instead, there are two
    options available in V2.
    - tf.py_function takes a python function which manipulates tf eager
    tensors instead of numpy arrays. It's easy to convert a tf eager tensor to
    an ndarray (just call tensor.numpy()) but having access to eager tensors
    means `tf.py_function`s can use accelerators such as GPUs as well as
    being differentiable using a gradient tape.
    - tf.numpy_function maintains the semantics of the deprecated tf.py_func
    (it is not differentiable, and manipulates numpy arrays). It drops the
    stateful argument making all functions stateful.
    
INFO:tensorflow:Discriminator
I1203 20:05:50.368147 140650540558144 discriminator.py:20] Discriminator
INFO:tensorflow:Discriminator: (16, 1, 512, 30)
I1203 20:05:50.391806 140650540558144 base_model.py:23] Discriminator: (16, 1, 512, 30)
INFO:tensorflow:Discriminator: (16, 1, 256, 60)
I1203 20:05:50.515505 140650540558144 base_model.py:23] Discriminator: (16, 1, 256, 60)
INFO:tensorflow:Discriminator: (16, 1, 128, 120)
I1203 20:05:50.577063 140650540558144 base_model.py:23] Discriminator: (16, 1, 128, 120)
INFO:tensorflow:Discriminator: (16, 1, 64, 240)
I1203 20:05:50.639882 140650540558144 base_model.py:23] Discriminator: (16, 1, 64, 240)
INFO:tensorflow:Discriminator: (16, 1, 32, 480)
I1203 20:05:50.698914 140650540558144 base_model.py:23] Discriminator: (16, 1, 32, 480)
INFO:tensorflow:Discriminator: (16, 1, 16, 960)
I1203 20:05:50.759192 140650540558144 base_model.py:23] Discriminator: (16, 1, 16, 960)
INFO:tensorflow:Discriminator: (16, 1, 8, 120)
I1203 20:05:50.860954 140650540558144 base_model.py:23] Discriminator: (16, 1, 8, 120)
WARNING:tensorflow:From /home/mleone2/ml_class_project/ProteinGAN/src/gan/documentation.py:113: The name tf.summary.image is deprecated. Please use tf.compat.v1.summary.image instead.

W1203 20:05:50.903425 140650540558144 deprecation_wrapper.py:119] From /home/mleone2/ml_class_project/ProteinGAN/src/gan/documentation.py:113: The name tf.summary.image is deprecated. Please use tf.compat.v1.summary.image instead.

WARNING:tensorflow:From /home/mleone2/ml_class_project/ProteinGAN/src/gan/protein/protein.py:152: The name tf.summary.text is deprecated. Please use tf.compat.v1.summary.text instead.

W1203 20:05:50.914149 140650540558144 deprecation_wrapper.py:119] From /home/mleone2/ml_class_project/ProteinGAN/src/gan/protein/protein.py:152: The name tf.summary.text is deprecated. Please use tf.compat.v1.summary.text instead.

WARNING:tensorflow:From /home/mleone2/ml_class_project/ProteinGAN/src/common/model/ops.py:28: add_dispatch_support.<locals>.wrapper (from tensorflow.python.ops.array_ops) is deprecated and will be removed in a future version.
Instructions for updating:
Use tf.where in 2.0, which has the same broadcast rule as np.where
W1203 20:05:51.031077 140650540558144 deprecation.py:323] From /home/mleone2/ml_class_project/ProteinGAN/src/common/model/ops.py:28: add_dispatch_support.<locals>.wrapper (from tensorflow.python.ops.array_ops) is deprecated and will be removed in a future version.
Instructions for updating:
Use tf.where in 2.0, which has the same broadcast rule as np.where
WARNING:tensorflow:From /home/mleone2/ml_class_project/ProteinGAN/src/gan/gan_base_model.py:89: The name tf.train.AdamOptimizer is deprecated. Please use tf.compat.v1.train.AdamOptimizer instead.

W1203 20:05:51.176090 140650540558144 deprecation_wrapper.py:119] From /home/mleone2/ml_class_project/ProteinGAN/src/gan/gan_base_model.py:89: The name tf.train.AdamOptimizer is deprecated. Please use tf.compat.v1.train.AdamOptimizer instead.

WARNING:tensorflow:From /home/mleone2/ml_class_project/ProteinGAN/src/gan/documentation.py:87: The name tf.summary.FileWriter is deprecated. Please use tf.compat.v1.summary.FileWriter instead.

W1203 20:06:00.905702 140650540558144 deprecation_wrapper.py:119] From /home/mleone2/ml_class_project/ProteinGAN/src/gan/documentation.py:87: The name tf.summary.FileWriter is deprecated. Please use tf.compat.v1.summary.FileWriter instead.

INFO:tensorflow:Saved meta data in /home/mleone2/ml_class_project/ProteinGAN/src/gan/../../weights/protein/our_data/sngan/gumbel/58x512_one_hot/non_saturating/batch_size=16/d_dim_30_g_dim_44/moh1_run_k_3x3_d_1_conv
I1203 20:06:00.920553 140650540558144 documentation.py:103] Saved meta data in /home/mleone2/ml_class_project/ProteinGAN/src/gan/../../weights/protein/our_data/sngan/gumbel/58x512_one_hot/non_saturating/batch_size=16/d_dim_30_g_dim_44/moh1_run_k_3x3_d_1_conv
WARNING:tensorflow:From /home/mleone2/ml_class_project/ProteinGAN/src/gan/models.py:52: The name tf.train.LoggingTensorHook is deprecated. Please use tf.estimator.LoggingTensorHook instead.

W1203 20:06:00.920821 140650540558144 deprecation_wrapper.py:119] From /home/mleone2/ml_class_project/ProteinGAN/src/gan/models.py:52: The name tf.train.LoggingTensorHook is deprecated. Please use tf.estimator.LoggingTensorHook instead.

WARNING:tensorflow:From /home/mleone2/ml_class_project/ProteinGAN/src/gan/train_gan.py:58: The name tf.train.StopAtStepHook is deprecated. Please use tf.estimator.StopAtStepHook instead.

W1203 20:06:00.921112 140650540558144 deprecation_wrapper.py:119] From /home/mleone2/ml_class_project/ProteinGAN/src/gan/train_gan.py:58: The name tf.train.StopAtStepHook is deprecated. Please use tf.estimator.StopAtStepHook instead.

INFO:tensorflow:Create CheckpointSaverHook.
I1203 20:06:00.921236 140650540558144 basic_session_run_hooks.py:541] Create CheckpointSaverHook.
INFO:tensorflow:Graph was finalized.
I1203 20:06:01.550732 140650540558144 monitored_session.py:240] Graph was finalized.
2022-12-03 20:06:04.676604: W tensorflow/compiler/jit/mark_for_compilation_pass.cc:1412] (One-time warning): Not using XLA:CPU for cluster because envvar TF_XLA_FLAGS=--tf_xla_cpu_global_jit was not set.  If you want XLA:CPU, either set that envvar, or use experimental_jit_scope to enable XLA:CPU.  To confirm that XLA is active, pass --vmodule=xla_compilation_cache=1 (as a proper command-line flag, not via TF_XLA_FLAGS) or set the envvar XLA_FLAGS=--xla_hlo_profile.
INFO:tensorflow:Running local_init_op.
I1203 20:06:06.539932 140650540558144 session_manager.py:500] Running local_init_op.
INFO:tensorflow:Done running local_init_op.
I1203 20:06:06.728889 140650540558144 session_manager.py:502] Done running local_init_op.
INFO:tensorflow:Saving checkpoints for 0 into /home/mleone2/ml_class_project/ProteinGAN/src/gan/../../weights/protein/our_data/sngan/gumbel/58x512_one_hot/non_saturating/batch_size=16/d_dim_30_g_dim_44/moh1_run_k_3x3_d_1_conv/model.ckpt.
I1203 20:06:14.468365 140650540558144 basic_session_run_hooks.py:606] Saving checkpoints for 0 into /home/mleone2/ml_class_project/ProteinGAN/src/gan/../../weights/protein/our_data/sngan/gumbel/58x512_one_hot/non_saturating/batch_size=16/d_dim_30_g_dim_44/moh1_run_k_3x3_d_1_conv/model.ckpt.
Temperature 1e+06
fake [2 2 1 1 3 3 1 1 1 1 2 1 0 3 2 3 2 3 0 0 3 1 1 3 1 2 2 1 1 2 1 0 2 0 0 0 1 3 2 1 1 1 3 2 1 3 2 2 2 0 0 3 0 2 3 3 3 1 3 1 0 2 0 2 3 3 2 0 0 0 3 3 1 0 3 2 3 2 1 0 3 0 3 3 3 1 2 3 0 2 1 0 1 1 0 0 2 2 1 1 3 3 1 2 1 1 0 1 1 3 2 3 1 1 2 1 1 2 1 1 3 1 1 1 1 0 2 0 2 1 1 1 1 2 1 0 3 3 1 1 3 3 2 1 2 3 0 2 2 1 3 0 3 3 1 3 0 1 3 3 3 1 1 1 3 2 1 2 3 2 1 0 2 0 0 1 1 0 3 1 3 2 1 0 0 2 3 0 3 3 0 3 0 2 1 1 2 2 3 1 3 3 1 1 3 3 3 3 1 1 3 3 2 3 1 0 2 3 0 3 2 0 3 0 0 3 3 0 1 0 3 2 1 0 3 0 1 0 0 3 1 0 2 1 3 1 1 3 1 0 2 1 2 2 3 3 0 2 1 0 0 2 0 3 0 1 2 1 1 2 3 3 3 0 2 1 3 0 1 3 1 2 0 3 2 1 1 3 0 3 1 2 0 1 2 0 0 0 1 2 1 0 1 1 1 1 0 1 1 1 3 0 3 1 3 1 0 2 2 2 3 3 0 3 3 0 2 0 2 3 3 2 0 0 1 3 0 1 1 2 2 2 1 1 2 3 1 2 0 1 1 0 0 2 0 1 3 2 1 3 3 2 0 1 0 3 1 0 2 1 3 1 0 1 3 3 2 3 0 2 2 3 0 0 2 1 0 2 2 0 1 3 1 0 3 3 1 1 2 0 0 0 1 2 0 1 0 1 1 0 2 0 0 1 1 0 0 2 0 2 2 2 1 3 0 2 1 1 0 2 1 3 2 2 1 1 0 3 1 3 1 0 3 0 0 1 0 0 1 0 3 2 0 2 3 0 2 1 1 2 2 2 2 3 3 0 1 0 2 1 0 3 3 3 1 1 0 1 3 2 0 1 3 3 0 2 1 3 3 1 1 0 2 1 1 0 0 2 1 1 0 3 3 0 3 0 0 0 0 3 1 1]
r1_penalty 0.000641241088
INFO:tensorflow:Running Local Blast thread for step 1
INFO:tensorflow: Step = 1, Dev (Fake) = 2.6928333e-07, Dev (Real) = 0.40022016, Loss (Disc) = 1.3870463, Loss (Gen) = 0.69101286
I1203 20:07:17.657189 140647249798912 local_blast_summary.py:18] Running Local Blast thread for step 1
I1203 20:07:17.657418 140650540558144 basic_session_run_hooks.py:262]  Step = 1, Dev (Fake) = 2.6928333e-07, Dev (Real) = 0.40022016, Loss (Disc) = 1.3870463, Loss (Gen) = 0.69101286
--- Logging error ---
Traceback (most recent call last):
  File "/home/mleone2/ml_class_project/ProteinGAN/src/gan/protein/blast_summary.py", line 20, in run
    self.run_blast()
  File "/home/mleone2/ml_class_project/ProteinGAN/src/gan/protein/local_blast_summary.py", line 22, in run_blast
    self.print_blast_results(sequences, fasta, "val")
  File "/home/mleone2/ml_class_project/ProteinGAN/src/gan/protein/local_blast_summary.py", line 29, in print_blast_results
    avg_similarities, s_max = self.get_stats(len(sequences), similarities, "{}/BLOMSUM45".format(type), np.max)
  File "/home/mleone2/ml_class_project/ProteinGAN/src/gan/protein/local_blast_summary.py", line 38, in get_stats
    best_value = f(similarities)
  File "<__array_function__ internals>", line 6, in amax
  File "/home/donghuiy/miniconda3/envs/ml_project/lib/python3.7/site-packages/numpy/core/fromnumeric.py", line 2706, in amax
    keepdims=keepdims, initial=initial, where=where)
  File "/home/donghuiy/miniconda3/envs/ml_project/lib/python3.7/site-packages/numpy/core/fromnumeric.py", line 87, in _wrapreduction
    return ufunc.reduce(obj, axis, dtype, out, **passkwargs)
ValueError: zero-size array to reduction operation maximum which has no identity

During handling of the above exception, another exception occurred:

Traceback (most recent call last):
  File "/home/donghuiy/miniconda3/envs/ml_project/lib/python3.7/logging/__init__.py", line 1025, in emit
    msg = self.format(record)
  File "/home/donghuiy/miniconda3/envs/ml_project/lib/python3.7/logging/__init__.py", line 869, in format
    return fmt.format(record)
  File "/home/donghuiy/miniconda3/envs/ml_project/lib/python3.7/logging/__init__.py", line 608, in format
    record.message = record.getMessage()
  File "/home/donghuiy/miniconda3/envs/ml_project/lib/python3.7/logging/__init__.py", line 369, in getMessage
    msg = msg % self.args
TypeError: not all arguments converted during string formatting
Call stack:
  File "/home/donghuiy/miniconda3/envs/ml_project/lib/python3.7/threading.py", line 890, in _bootstrap
    self._bootstrap_inner()
  File "/home/donghuiy/miniconda3/envs/ml_project/lib/python3.7/threading.py", line 926, in _bootstrap_inner
    self.run()
  File "/home/mleone2/ml_class_project/ProteinGAN/src/gan/protein/blast_summary.py", line 22, in run
    tf.logging.warning("Unexpected error in BlastSummary thread:", str(e))
  File "/home/donghuiy/miniconda3/envs/ml_project/lib/python3.7/site-packages/tensorflow/python/platform/tf_logging.py", line 166, in warning
    get_logger().warning(msg, *args, **kwargs)
Message: 'Unexpected error in BlastSummary thread:'
Arguments: ('zero-size array to reduction operation maximum which has no identity',)
--- Logging error ---
Traceback (most recent call last):
  File "/home/mleone2/ml_class_project/ProteinGAN/src/gan/protein/blast_summary.py", line 20, in run
    self.run_blast()
  File "/home/mleone2/ml_class_project/ProteinGAN/src/gan/protein/local_blast_summary.py", line 22, in run_blast
    self.print_blast_results(sequences, fasta, "val")
  File "/home/mleone2/ml_class_project/ProteinGAN/src/gan/protein/local_blast_summary.py", line 29, in print_blast_results
    avg_similarities, s_max = self.get_stats(len(sequences), similarities, "{}/BLOMSUM45".format(type), np.max)
  File "/home/mleone2/ml_class_project/ProteinGAN/src/gan/protein/local_blast_summary.py", line 38, in get_stats
    best_value = f(similarities)
  File "<__array_function__ internals>", line 6, in amax
  File "/home/donghuiy/miniconda3/envs/ml_project/lib/python3.7/site-packages/numpy/core/fromnumeric.py", line 2706, in amax
    keepdims=keepdims, initial=initial, where=where)
  File "/home/donghuiy/miniconda3/envs/ml_project/lib/python3.7/site-packages/numpy/core/fromnumeric.py", line 87, in _wrapreduction
    return ufunc.reduce(obj, axis, dtype, out, **passkwargs)
ValueError: zero-size array to reduction operation maximum which has no identity

During handling of the above exception, another exception occurred:

Traceback (most recent call last):
  File "/home/donghuiy/miniconda3/envs/ml_project/lib/python3.7/logging/__init__.py", line 1025, in emit
    msg = self.format(record)
  File "/home/donghuiy/miniconda3/envs/ml_project/lib/python3.7/logging/__init__.py", line 869, in format
    return fmt.format(record)
  File "/home/donghuiy/miniconda3/envs/ml_project/lib/python3.7/site-packages/absl/logging/__init__.py", line 938, in format
    return prefix + super(PythonFormatter, self).format(record)
  File "/home/donghuiy/miniconda3/envs/ml_project/lib/python3.7/logging/__init__.py", line 608, in format
    record.message = record.getMessage()
  File "/home/donghuiy/miniconda3/envs/ml_project/lib/python3.7/logging/__init__.py", line 369, in getMessage
    msg = msg % self.args
TypeError: not all arguments converted during string formatting
Call stack:
  File "/home/donghuiy/miniconda3/envs/ml_project/lib/python3.7/threading.py", line 890, in _bootstrap
    self._bootstrap_inner()
  File "/home/donghuiy/miniconda3/envs/ml_project/lib/python3.7/threading.py", line 926, in _bootstrap_inner
    self.run()
  File "/home/mleone2/ml_class_project/ProteinGAN/src/gan/protein/blast_summary.py", line 22, in run
    tf.logging.warning("Unexpected error in BlastSummary thread:", str(e))
  File "/home/donghuiy/miniconda3/envs/ml_project/lib/python3.7/site-packages/tensorflow/python/platform/tf_logging.py", line 166, in warning
    get_logger().warning(msg, *args, **kwargs)
  File "/home/donghuiy/miniconda3/envs/ml_project/lib/python3.7/logging/__init__.py", line 1390, in warning
    self._log(WARNING, msg, args, **kwargs)
  File "/home/donghuiy/miniconda3/envs/ml_project/lib/python3.7/logging/__init__.py", line 1514, in _log
    self.handle(record)
  File "/home/donghuiy/miniconda3/envs/ml_project/lib/python3.7/logging/__init__.py", line 1524, in handle
    self.callHandlers(record)
  File "/home/donghuiy/miniconda3/envs/ml_project/lib/python3.7/logging/__init__.py", line 1586, in callHandlers
    hdlr.handle(record)
  File "/home/donghuiy/miniconda3/envs/ml_project/lib/python3.7/site-packages/absl/logging/__init__.py", line 901, in handle
    return self._current_handler.handle(record)
  File "/home/donghuiy/miniconda3/envs/ml_project/lib/python3.7/logging/__init__.py", line 894, in handle
    self.emit(record)
  File "/home/donghuiy/miniconda3/envs/ml_project/lib/python3.7/site-packages/absl/logging/__init__.py", line 838, in emit
    super(PythonHandler, self).emit(record)
Message: 'Unexpected error in BlastSummary thread:'
Arguments: ('zero-size array to reduction operation maximum which has no identity',)
INFO:tensorflow:Saving checkpoints for 44 into /home/mleone2/ml_class_project/ProteinGAN/src/gan/../../weights/protein/our_data/sngan/gumbel/58x512_one_hot/non_saturating/batch_size=16/d_dim_30_g_dim_44/moh1_run_k_3x3_d_1_conv/model.ckpt.
I1203 20:26:38.239973 140650540558144 basic_session_run_hooks.py:606] Saving checkpoints for 44 into /home/mleone2/ml_class_project/ProteinGAN/src/gan/../../weights/protein/our_data/sngan/gumbel/58x512_one_hot/non_saturating/batch_size=16/d_dim_30_g_dim_44/moh1_run_k_3x3_d_1_conv/model.ckpt.
INFO:tensorflow:Saving checkpoints for 89 into /home/mleone2/ml_class_project/ProteinGAN/src/gan/../../weights/protein/our_data/sngan/gumbel/58x512_one_hot/non_saturating/batch_size=16/d_dim_30_g_dim_44/moh1_run_k_3x3_d_1_conv/model.ckpt.
I1203 20:46:50.111203 140650540558144 basic_session_run_hooks.py:606] Saving checkpoints for 89 into /home/mleone2/ml_class_project/ProteinGAN/src/gan/../../weights/protein/our_data/sngan/gumbel/58x512_one_hot/non_saturating/batch_size=16/d_dim_30_g_dim_44/moh1_run_k_3x3_d_1_conv/model.ckpt.
INFO:tensorflow:global_step/sec: 0.0370962
I1203 20:52:13.343788 140650540558144 basic_session_run_hooks.py:692] global_step/sec: 0.0370962
WARNING:tensorflow:It seems that global step (tf.train.get_global_step) has not been increased. Current value (could be stable): 102 vs previous value: 102. You could increase the global step by passing tf.train.get_global_step() to Optimizer.apply_gradients or Optimizer.minimize.
W1203 20:53:08.269162 140650540558144 basic_session_run_hooks.py:724] It seems that global step (tf.train.get_global_step) has not been increased. Current value (could be stable): 102 vs previous value: 102. You could increase the global step by passing tf.train.get_global_step() to Optimizer.apply_gradients or Optimizer.minimize.
INFO:tensorflow:Saving checkpoints for 134 into /home/mleone2/ml_class_project/ProteinGAN/src/gan/../../weights/protein/our_data/sngan/gumbel/58x512_one_hot/non_saturating/batch_size=16/d_dim_30_g_dim_44/moh1_run_k_3x3_d_1_conv/model.ckpt.
I1203 21:07:01.094653 140650540558144 basic_session_run_hooks.py:606] Saving checkpoints for 134 into /home/mleone2/ml_class_project/ProteinGAN/src/gan/../../weights/protein/our_data/sngan/gumbel/58x512_one_hot/non_saturating/batch_size=16/d_dim_30_g_dim_44/moh1_run_k_3x3_d_1_conv/model.ckpt.
INFO:tensorflow:Saving checkpoints for 179 into /home/mleone2/ml_class_project/ProteinGAN/src/gan/../../weights/protein/our_data/sngan/gumbel/58x512_one_hot/non_saturating/batch_size=16/d_dim_30_g_dim_44/moh1_run_k_3x3_d_1_conv/model.ckpt.
I1203 21:27:20.518181 140650540558144 basic_session_run_hooks.py:606] Saving checkpoints for 179 into /home/mleone2/ml_class_project/ProteinGAN/src/gan/../../weights/protein/our_data/sngan/gumbel/58x512_one_hot/non_saturating/batch_size=16/d_dim_30_g_dim_44/moh1_run_k_3x3_d_1_conv/model.ckpt.
INFO:tensorflow:global_step/sec: 0.036919
I1203 21:37:21.978710 140650540558144 basic_session_run_hooks.py:692] global_step/sec: 0.036919
INFO:tensorflow:Saving checkpoints for 224 into /home/mleone2/ml_class_project/ProteinGAN/src/gan/../../weights/protein/our_data/sngan/gumbel/58x512_one_hot/non_saturating/batch_size=16/d_dim_30_g_dim_44/moh1_run_k_3x3_d_1_conv/model.ckpt.
I1203 21:47:42.027556 140650540558144 basic_session_run_hooks.py:606] Saving checkpoints for 224 into /home/mleone2/ml_class_project/ProteinGAN/src/gan/../../weights/protein/our_data/sngan/gumbel/58x512_one_hot/non_saturating/batch_size=16/d_dim_30_g_dim_44/moh1_run_k_3x3_d_1_conv/model.ckpt.
WARNING:tensorflow:From /home/donghuiy/miniconda3/envs/ml_project/lib/python3.7/site-packages/tensorflow/python/training/saver.py:960: remove_checkpoint (from tensorflow.python.training.checkpoint_management) is deprecated and will be removed in a future version.
Instructions for updating:
Use standard file APIs to delete files with this prefix.
W1203 21:47:46.949631 140650540558144 deprecation.py:323] From /home/donghuiy/miniconda3/envs/ml_project/lib/python3.7/site-packages/tensorflow/python/training/saver.py:960: remove_checkpoint (from tensorflow.python.training.checkpoint_management) is deprecated and will be removed in a future version.
Instructions for updating:
Use standard file APIs to delete files with this prefix.
INFO:tensorflow:Saving checkpoints for 269 into /home/mleone2/ml_class_project/ProteinGAN/src/gan/../../weights/protein/our_data/sngan/gumbel/58x512_one_hot/non_saturating/batch_size=16/d_dim_30_g_dim_44/moh1_run_k_3x3_d_1_conv/model.ckpt.
I1203 22:08:05.963687 140650540558144 basic_session_run_hooks.py:606] Saving checkpoints for 269 into /home/mleone2/ml_class_project/ProteinGAN/src/gan/../../weights/protein/our_data/sngan/gumbel/58x512_one_hot/non_saturating/batch_size=16/d_dim_30_g_dim_44/moh1_run_k_3x3_d_1_conv/model.ckpt.
Temperature 0.192611143
fake [0 0 0 0 0 0 1 0 2 2 1 0 0 3 0 0 0 0 0 0 0 3 2 2 0 2 0 0 1 1 2 3 1 1 3 1 0 1 1 2 1 1 0 2 0 0 0 3 0 1 3 0 3 3 2 0 0 1 1 3 1 0 1 3 1 1 2 1 3 0 1 0 1 3 2 1 0 0 0 0 0 0 1 0 3 3 2 0 0 2 1 1 1 2 1 1 1 1 3 1 1 1 0 1 1 2 0 0 1 0 3 0 2 2 3 3 3 0 3 0 1 3 3 3 2 1 0 3 1 1 0 1 0 1 1 2 1 2 2 0 0 2 0 3 2 3 0 0 2 0 3 2 3 1 3 1 3 1 2 3 1 1 3 1 2 1 0 0 1 2 0 2 1 2 0 0 0 3 0 3 1 0 0 0 1 2 0 2 3 1 1 3 2 3 1 1 2 1 1 2 0 1 2 0 0 0 3 0 1 0 1 3 3 0 1 0 2 2 1 1 2 1 1 1 3 1 1 1 0 1 2 1 2 2 0 0 1 2 0 0 2 1 0 3 2 2 3 3 0 3 1 3 1 2 2 1 1 3 1 1 1 2 1 1 1 0 2 0 0 1 0 1 0 2 3 0 0 0 3 0 0 2 3 1 2 1 1 1 0 1 3 3 1 1 1 0 1 2 1 0 1 3 0 0 0 2 2 0 0 0 3 0 0 3 1 2 2 1 0 3 3 1 3 1 3 0 3 0 3 2 1 2 0 3 2 0 0 2 0 2 3 0 0 0 3 1 3 3 0 0 0 2 3 2 2 2 0 2 1 1 1 1 1 0 0 1 0 0 1 0 1 2 3 1 1 0 3 0 1 2 1 0 0 2 3 1 3 1 3 1 1 2 1 2 2 0 0 3 0 1 0 0 1 0 3 0 3 0 2 1 1 2 1 0 0 3 1 1 3 1 2 1 3 1 2 2 2 3 1 2 0 0 0 0 0 3 0 0 3 0 0 3 0 2 2 1 1 3 1 3 3 1 1 1 2 1 1 2 3 2 0 2 0 0 3 0 0 0 3 0 3 0 1 2 1 0 1 3 3 2 1 1 3 3 2 1 1 1 1 3 1 2 1 1 0 0 0 2 3 2 0 3 0 0 0 3 0 0 0 0 0 0]
r1_penalty 0.00881645828
INFO:tensorflow:global_step/sec: 0.0365489
I1203 22:22:58.041541 140650540558144 basic_session_run_hooks.py:692] global_step/sec: 0.0365489
INFO:tensorflow: Step = 301, Dev (Fake) = 0.29883456, Dev (Real) = 0.4003678, Loss (Disc) = 1.3286331, Loss (Gen) = 0.78334683 (8140.385 sec)
I1203 22:22:58.042020 140650540558144 basic_session_run_hooks.py:260]  Step = 301, Dev (Fake) = 0.29883456, Dev (Real) = 0.4003678, Loss (Disc) = 1.3286331, Loss (Gen) = 0.78334683 (8140.385 sec)
INFO:tensorflow:Saving checkpoints for 313 into /home/mleone2/ml_class_project/ProteinGAN/src/gan/../../weights/protein/our_data/sngan/gumbel/58x512_one_hot/non_saturating/batch_size=16/d_dim_30_g_dim_44/moh1_run_k_3x3_d_1_conv/model.ckpt.
I1203 22:28:22.485633 140650540558144 basic_session_run_hooks.py:606] Saving checkpoints for 313 into /home/mleone2/ml_class_project/ProteinGAN/src/gan/../../weights/protein/our_data/sngan/gumbel/58x512_one_hot/non_saturating/batch_size=16/d_dim_30_g_dim_44/moh1_run_k_3x3_d_1_conv/model.ckpt.
INFO:tensorflow:Saving checkpoints for 359 into /home/mleone2/ml_class_project/ProteinGAN/src/gan/../../weights/protein/our_data/sngan/gumbel/58x512_one_hot/non_saturating/batch_size=16/d_dim_30_g_dim_44/moh1_run_k_3x3_d_1_conv/model.ckpt.
I1203 22:48:46.222142 140650540558144 basic_session_run_hooks.py:606] Saving checkpoints for 359 into /home/mleone2/ml_class_project/ProteinGAN/src/gan/../../weights/protein/our_data/sngan/gumbel/58x512_one_hot/non_saturating/batch_size=16/d_dim_30_g_dim_44/moh1_run_k_3x3_d_1_conv/model.ckpt.
INFO:tensorflow:global_step/sec: 0.0372366
I1203 23:07:43.571179 140650540558144 basic_session_run_hooks.py:692] global_step/sec: 0.0372366
INFO:tensorflow:Saving checkpoints for 404 into /home/mleone2/ml_class_project/ProteinGAN/src/gan/../../weights/protein/our_data/sngan/gumbel/58x512_one_hot/non_saturating/batch_size=16/d_dim_30_g_dim_44/moh1_run_k_3x3_d_1_conv/model.ckpt.
I1203 23:09:05.363553 140650540558144 basic_session_run_hooks.py:606] Saving checkpoints for 404 into /home/mleone2/ml_class_project/ProteinGAN/src/gan/../../weights/protein/our_data/sngan/gumbel/58x512_one_hot/non_saturating/batch_size=16/d_dim_30_g_dim_44/moh1_run_k_3x3_d_1_conv/model.ckpt.
INFO:tensorflow:Saving checkpoints for 449 into /home/mleone2/ml_class_project/ProteinGAN/src/gan/../../weights/protein/our_data/sngan/gumbel/58x512_one_hot/non_saturating/batch_size=16/d_dim_30_g_dim_44/moh1_run_k_3x3_d_1_conv/model.ckpt.
I1203 23:29:27.099953 140650540558144 basic_session_run_hooks.py:606] Saving checkpoints for 449 into /home/mleone2/ml_class_project/ProteinGAN/src/gan/../../weights/protein/our_data/sngan/gumbel/58x512_one_hot/non_saturating/batch_size=16/d_dim_30_g_dim_44/moh1_run_k_3x3_d_1_conv/model.ckpt.
INFO:tensorflow:Saving checkpoints for 494 into /home/mleone2/ml_class_project/ProteinGAN/src/gan/../../weights/protein/our_data/sngan/gumbel/58x512_one_hot/non_saturating/batch_size=16/d_dim_30_g_dim_44/moh1_run_k_3x3_d_1_conv/model.ckpt.
I1203 23:49:45.638605 140650540558144 basic_session_run_hooks.py:606] Saving checkpoints for 494 into /home/mleone2/ml_class_project/ProteinGAN/src/gan/../../weights/protein/our_data/sngan/gumbel/58x512_one_hot/non_saturating/batch_size=16/d_dim_30_g_dim_44/moh1_run_k_3x3_d_1_conv/model.ckpt.
INFO:tensorflow:global_step/sec: 0.036807
I1203 23:53:00.442780 140650540558144 basic_session_run_hooks.py:692] global_step/sec: 0.036807
INFO:tensorflow:Saving checkpoints for 539 into /home/mleone2/ml_class_project/ProteinGAN/src/gan/../../weights/protein/our_data/sngan/gumbel/58x512_one_hot/non_saturating/batch_size=16/d_dim_30_g_dim_44/moh1_run_k_3x3_d_1_conv/model.ckpt.
I1204 00:10:09.050980 140650540558144 basic_session_run_hooks.py:606] Saving checkpoints for 539 into /home/mleone2/ml_class_project/ProteinGAN/src/gan/../../weights/protein/our_data/sngan/gumbel/58x512_one_hot/non_saturating/batch_size=16/d_dim_30_g_dim_44/moh1_run_k_3x3_d_1_conv/model.ckpt.
INFO:tensorflow:Saving checkpoints for 584 into /home/mleone2/ml_class_project/ProteinGAN/src/gan/../../weights/protein/our_data/sngan/gumbel/58x512_one_hot/non_saturating/batch_size=16/d_dim_30_g_dim_44/moh1_run_k_3x3_d_1_conv/model.ckpt.
I1204 00:30:32.506373 140650540558144 basic_session_run_hooks.py:606] Saving checkpoints for 584 into /home/mleone2/ml_class_project/ProteinGAN/src/gan/../../weights/protein/our_data/sngan/gumbel/58x512_one_hot/non_saturating/batch_size=16/d_dim_30_g_dim_44/moh1_run_k_3x3_d_1_conv/model.ckpt.
Temperature 0.171785325
fake [0 0 0 0 0 1 3 2 1 0 1 0 0 3 0 0 0 1 1 1 1 3 0 3 1 0 3 0 1 3 3 1 3 1 3 3 1 3 1 1 1 0 3 3 0 3 0 3 0 0 2 3 3 3 0 3 3 1 3 1 1 3 1 2 1 3 0 3 3 3 1 2 3 3 0 3 0 3 0 3 3 1 0 3 1 3 0 1 0 1 3 3 0 0 3 3 3 0 1 1 3 3 1 3 3 3 3 0 2 3 0 1 3 0 2 0 1 3 0 0 2 2 1 1 0 2 1 1 3 1 1 1 0 3 1 0 1 1 0 0 0 0 0 3 0 0 0 0 3 3 0 2 2 2 1 1 2 0 0 0 1 2 1 2 0 2 0 1 1 1 1 1 0 2 1 2 0 0 2 1 2 0 0 2 2 2 2 2 2 2 2 2 0 1 0 2 2 0 1 2 3 1 1 1 3 2 2 2 2 0 2 2 1 2 0 2 0 1 2 1 2 1 2 2 1 2 2 1 0 2 2 2 0 1 2 0 0 2 2 2 3 2 2 1 0 0 1 0 0 2 2 1 2 0 2 2 1 2 0 2 2 0 2 2 0 0 0 3 2 0 2 2 0 2 0 0 2 3 0 2 2 2 3 0 2 3 1 2 1 0 2 2 2 2 2 2 3 2 0 1 2 1 2 2 0 0 2 0 1 1 0 1 1 2 2 1 1 1 2 3 0 3 2 2 2 0 0 2 2 0 0 0 0 2 1 3 0 1 2 2 1 3 0 1 1 2 2 1 1 2 2 0 1 2 2 0 0 1 1 1 2 3 1 2 0 2 2 2 3 0 1 3 0 3 0 2 2 1 1 1 0 3 0 3 1 2 0 3 1 0 1 1 3 3 1 0 0 3 0 3 3 0 1 3 1 3 0 1 1 1 3 1 1 3 3 3 1 3 0 2 0 3 1 2 1 0 1 3 1 3 0 0 1 0 2 3 1 3 0 1 3 2 3 0 1 3 1 3 3 1 0 3 2 3 1 1 1 3 1 3 0 3 0 3 3 0 0 1 1 0 0 1 1 3 1 3 1 1 1 1 1 3 0 0 3 3 3 1 1 3 0 0 0 2 2 3 3 0 0 0 1 3 0 2 1 2 0 0 0 0 0 0]
r1_penalty 0.00442559458
INFO:tensorflow:global_step/sec: 0.0365735
I1204 00:38:34.662694 140650540558144 basic_session_run_hooks.py:692] global_step/sec: 0.0365735
INFO:tensorflow: Step = 601, Dev (Fake) = 0.32374793, Dev (Real) = 0.39984, Loss (Disc) = 1.3453145, Loss (Gen) = 0.8496461 (8136.827 sec)
I1204 00:38:34.869177 140650540558144 basic_session_run_hooks.py:260]  Step = 601, Dev (Fake) = 0.32374793, Dev (Real) = 0.39984, Loss (Disc) = 1.3453145, Loss (Gen) = 0.8496461 (8136.827 sec)
INFO:tensorflow:Saving checkpoints for 628 into /home/mleone2/ml_class_project/ProteinGAN/src/gan/../../weights/protein/our_data/sngan/gumbel/58x512_one_hot/non_saturating/batch_size=16/d_dim_30_g_dim_44/moh1_run_k_3x3_d_1_conv/model.ckpt.
I1204 00:50:46.142607 140650540558144 basic_session_run_hooks.py:606] Saving checkpoints for 628 into /home/mleone2/ml_class_project/ProteinGAN/src/gan/../../weights/protein/our_data/sngan/gumbel/58x512_one_hot/non_saturating/batch_size=16/d_dim_30_g_dim_44/moh1_run_k_3x3_d_1_conv/model.ckpt.
INFO:tensorflow:Saving checkpoints for 673 into /home/mleone2/ml_class_project/ProteinGAN/src/gan/../../weights/protein/our_data/sngan/gumbel/58x512_one_hot/non_saturating/batch_size=16/d_dim_30_g_dim_44/moh1_run_k_3x3_d_1_conv/model.ckpt.
I1204 01:11:09.525039 140650540558144 basic_session_run_hooks.py:606] Saving checkpoints for 673 into /home/mleone2/ml_class_project/ProteinGAN/src/gan/../../weights/protein/our_data/sngan/gumbel/58x512_one_hot/non_saturating/batch_size=16/d_dim_30_g_dim_44/moh1_run_k_3x3_d_1_conv/model.ckpt.
INFO:tensorflow:global_step/sec: 0.0368502
I1204 01:23:48.349032 140650540558144 basic_session_run_hooks.py:692] global_step/sec: 0.0368502
INFO:tensorflow:Saving checkpoints for 718 into /home/mleone2/ml_class_project/ProteinGAN/src/gan/../../weights/protein/our_data/sngan/gumbel/58x512_one_hot/non_saturating/batch_size=16/d_dim_30_g_dim_44/moh1_run_k_3x3_d_1_conv/model.ckpt.
I1204 01:31:30.146651 140650540558144 basic_session_run_hooks.py:606] Saving checkpoints for 718 into /home/mleone2/ml_class_project/ProteinGAN/src/gan/../../weights/protein/our_data/sngan/gumbel/58x512_one_hot/non_saturating/batch_size=16/d_dim_30_g_dim_44/moh1_run_k_3x3_d_1_conv/model.ckpt.
INFO:tensorflow:Saving checkpoints for 763 into /home/mleone2/ml_class_project/ProteinGAN/src/gan/../../weights/protein/our_data/sngan/gumbel/58x512_one_hot/non_saturating/batch_size=16/d_dim_30_g_dim_44/moh1_run_k_3x3_d_1_conv/model.ckpt.
I1204 01:51:46.391153 140650540558144 basic_session_run_hooks.py:606] Saving checkpoints for 763 into /home/mleone2/ml_class_project/ProteinGAN/src/gan/../../weights/protein/our_data/sngan/gumbel/58x512_one_hot/non_saturating/batch_size=16/d_dim_30_g_dim_44/moh1_run_k_3x3_d_1_conv/model.ckpt.
INFO:tensorflow:global_step/sec: 0.0368633
I1204 02:09:01.075291 140650540558144 basic_session_run_hooks.py:692] global_step/sec: 0.0368633
INFO:tensorflow:Saving checkpoints for 808 into /home/mleone2/ml_class_project/ProteinGAN/src/gan/../../weights/protein/our_data/sngan/gumbel/58x512_one_hot/non_saturating/batch_size=16/d_dim_30_g_dim_44/moh1_run_k_3x3_d_1_conv/model.ckpt.
I1204 02:12:09.558636 140650540558144 basic_session_run_hooks.py:606] Saving checkpoints for 808 into /home/mleone2/ml_class_project/ProteinGAN/src/gan/../../weights/protein/our_data/sngan/gumbel/58x512_one_hot/non_saturating/batch_size=16/d_dim_30_g_dim_44/moh1_run_k_3x3_d_1_conv/model.ckpt.
INFO:tensorflow:Saving checkpoints for 853 into /home/mleone2/ml_class_project/ProteinGAN/src/gan/../../weights/protein/our_data/sngan/gumbel/58x512_one_hot/non_saturating/batch_size=16/d_dim_30_g_dim_44/moh1_run_k_3x3_d_1_conv/model.ckpt.
I1204 02:32:33.434832 140650540558144 basic_session_run_hooks.py:606] Saving checkpoints for 853 into /home/mleone2/ml_class_project/ProteinGAN/src/gan/../../weights/protein/our_data/sngan/gumbel/58x512_one_hot/non_saturating/batch_size=16/d_dim_30_g_dim_44/moh1_run_k_3x3_d_1_conv/model.ckpt.
Temperature 0.161556572
fake [0 0 0 0 0 1 0 3 0 1 3 1 1 2 3 1 2 0 1 3 1 2 2 1 0 0 1 2 2 0 3 1 1 1 1 2 1 2 0 0 3 0 3 0 0 2 2 0 3 1 1 3 1 2 1 1 3 0 1 3 0 3 3 1 3 1 1 3 1 2 0 3 0 1 3 0 2 1 1 0 3 1 1 3 1 2 2 2 0 0 2 2 0 3 0 3 0 3 0 0 1 2 1 2 3 0 1 0 3 1 1 0 2 0 1 3 1 2 2 2 0 2 1 1 0 0 3 2 3 0 0 0 1 2 1 2 0 3 3 0 3 0 0 2 3 1 1 2 1 0 0 1 3 0 1 0 0 3 2 3 0 1 0 0 1 2 0 0 0 1 3 0 0 2 2 1 3 1 1 1 1 2 2 3 0 1 1 1 3 3 3 3 1 1 1 1 1 2 0 0 0 2 3 0 0 0 1 3 3 3 1 2 1 2 1 2 3 0 1 1 1 3 2 0 0 3 1 3 1 2 0 0 0 3 1 0 0 2 2 1 3 1 1 0 1 1 2 2 3 0 1 0 3 3 1 3 0 3 1 2 1 2 3 1 2 0 3 0 1 1 2 3 3 1 1 3 1 2 3 0 3 0 1 2 2 3 1 1 3 1 1 3 2 2 1 0 3 3 3 0 2 1 2 1 1 3 1 1 1 2 2 1 0 0 2 3 1 3 3 3 3 1 1 0 1 2 0 0 0 3 3 0 0 1 0 1 3 1 1 1 1 2 2 1 0 0 2 3 0 3 1 1 1 1 1 0 1 2 0 0 0 0 0 0 0 1 1 2 3 1 1 0 1 2 1 3 0 0 2 0 2 3 3 1 3 3 1 0 1 2 1 0 0 2 0 0 0 3 1 0 3 1 2 1 1 1 1 2 0 0 3 2 1 0 3 1 3 1 1 3 1 2 0 0 1 0 1 0 0 0 1 2 3 1 0 3 1 2 1 0 0 0 1 0 0 0 1 1 3 2 2 2 1 2 2 0 3 0 3 0 0 1 2 1 3 0 1 2 1 2 0 2 0 3 2 0 2 3 3 1 3 1 0 0 1 2 1 0 0 0 3 0 0 1 1 3 3 1 1 2 1 1 2 3 0 0 1 0 0 0 0 0]
r1_penalty 0.00484445645
INFO:tensorflow:Saving checkpoints for 898 into /home/mleone2/ml_class_project/ProteinGAN/src/gan/../../weights/protein/our_data/sngan/gumbel/58x512_one_hot/non_saturating/batch_size=16/d_dim_30_g_dim_44/moh1_run_k_3x3_d_1_conv/model.ckpt.
I1204 02:53:07.693452 140650540558144 basic_session_run_hooks.py:606] Saving checkpoints for 898 into /home/mleone2/ml_class_project/ProteinGAN/src/gan/../../weights/protein/our_data/sngan/gumbel/58x512_one_hot/non_saturating/batch_size=16/d_dim_30_g_dim_44/moh1_run_k_3x3_d_1_conv/model.ckpt.
INFO:tensorflow:global_step/sec: 0.0365107
I1204 02:54:39.999079 140650540558144 basic_session_run_hooks.py:692] global_step/sec: 0.0365107
INFO:tensorflow: Step = 901, Dev (Fake) = 0.29115158, Dev (Real) = 0.40146422, Loss (Disc) = 1.3203843, Loss (Gen) = 0.7638187 (8165.131 sec)
I1204 02:54:39.999793 140650540558144 basic_session_run_hooks.py:260]  Step = 901, Dev (Fake) = 0.29115158, Dev (Real) = 0.40146422, Loss (Disc) = 1.3203843, Loss (Gen) = 0.7638187 (8165.131 sec)
INFO:tensorflow:Saving checkpoints for 943 into /home/mleone2/ml_class_project/ProteinGAN/src/gan/../../weights/protein/our_data/sngan/gumbel/58x512_one_hot/non_saturating/batch_size=16/d_dim_30_g_dim_44/moh1_run_k_3x3_d_1_conv/model.ckpt.
I1204 03:13:34.038535 140650540558144 basic_session_run_hooks.py:606] Saving checkpoints for 943 into /home/mleone2/ml_class_project/ProteinGAN/src/gan/../../weights/protein/our_data/sngan/gumbel/58x512_one_hot/non_saturating/batch_size=16/d_dim_30_g_dim_44/moh1_run_k_3x3_d_1_conv/model.ckpt.
INFO:tensorflow:Saving checkpoints for 988 into /home/mleone2/ml_class_project/ProteinGAN/src/gan/../../weights/protein/our_data/sngan/gumbel/58x512_one_hot/non_saturating/batch_size=16/d_dim_30_g_dim_44/moh1_run_k_3x3_d_1_conv/model.ckpt.
I1204 03:33:46.248768 140650540558144 basic_session_run_hooks.py:606] Saving checkpoints for 988 into /home/mleone2/ml_class_project/ProteinGAN/src/gan/../../weights/protein/our_data/sngan/gumbel/58x512_one_hot/non_saturating/batch_size=16/d_dim_30_g_dim_44/moh1_run_k_3x3_d_1_conv/model.ckpt.
INFO:tensorflow:global_step/sec: 0.0369546
I1204 03:39:46.021460 140650540558144 basic_session_run_hooks.py:692] global_step/sec: 0.0369546
INFO:tensorflow:Saving checkpoints for 1033 into /home/mleone2/ml_class_project/ProteinGAN/src/gan/../../weights/protein/our_data/sngan/gumbel/58x512_one_hot/non_saturating/batch_size=16/d_dim_30_g_dim_44/moh1_run_k_3x3_d_1_conv/model.ckpt.
I1204 03:54:08.628520 140650540558144 basic_session_run_hooks.py:606] Saving checkpoints for 1033 into /home/mleone2/ml_class_project/ProteinGAN/src/gan/../../weights/protein/our_data/sngan/gumbel/58x512_one_hot/non_saturating/batch_size=16/d_dim_30_g_dim_44/moh1_run_k_3x3_d_1_conv/model.ckpt.
INFO:tensorflow:Saving checkpoints for 1078 into /home/mleone2/ml_class_project/ProteinGAN/src/gan/../../weights/protein/our_data/sngan/gumbel/58x512_one_hot/non_saturating/batch_size=16/d_dim_30_g_dim_44/moh1_run_k_3x3_d_1_conv/model.ckpt.
I1204 04:14:30.874746 140650540558144 basic_session_run_hooks.py:606] Saving checkpoints for 1078 into /home/mleone2/ml_class_project/ProteinGAN/src/gan/../../weights/protein/our_data/sngan/gumbel/58x512_one_hot/non_saturating/batch_size=16/d_dim_30_g_dim_44/moh1_run_k_3x3_d_1_conv/model.ckpt.
INFO:tensorflow:global_step/sec: 0.0368735
I1204 04:24:57.998785 140650540558144 basic_session_run_hooks.py:692] global_step/sec: 0.0368735
INFO:tensorflow:Saving checkpoints for 1123 into /home/mleone2/ml_class_project/ProteinGAN/src/gan/../../weights/protein/our_data/sngan/gumbel/58x512_one_hot/non_saturating/batch_size=16/d_dim_30_g_dim_44/moh1_run_k_3x3_d_1_conv/model.ckpt.
I1204 04:34:51.288155 140650540558144 basic_session_run_hooks.py:606] Saving checkpoints for 1123 into /home/mleone2/ml_class_project/ProteinGAN/src/gan/../../weights/protein/our_data/sngan/gumbel/58x512_one_hot/non_saturating/batch_size=16/d_dim_30_g_dim_44/moh1_run_k_3x3_d_1_conv/model.ckpt.
INFO:tensorflow:Saving checkpoints for 1168 into /home/mleone2/ml_class_project/ProteinGAN/src/gan/../../weights/protein/our_data/sngan/gumbel/58x512_one_hot/non_saturating/batch_size=16/d_dim_30_g_dim_44/moh1_run_k_3x3_d_1_conv/model.ckpt.
I1204 04:55:11.957825 140650540558144 basic_session_run_hooks.py:606] Saving checkpoints for 1168 into /home/mleone2/ml_class_project/ProteinGAN/src/gan/../../weights/protein/our_data/sngan/gumbel/58x512_one_hot/non_saturating/batch_size=16/d_dim_30_g_dim_44/moh1_run_k_3x3_d_1_conv/model.ckpt.
Temperature 0.155005395
fake [0 0 0 0 0 3 3 0 0 0 1 1 1 0 3 1 0 1 1 3 1 3 0 1 0 2 0 1 2 0 2 2 3 0 2 2 1 3 3 2 0 2 2 1 0 0 2 3 3 1 1 3 1 0 0 2 1 2 2 1 2 0 2 0 2 0 1 2 1 3 3 0 0 3 0 0 0 0 0 1 2 0 1 1 1 3 3 0 1 1 2 0 2 0 2 2 3 0 1 2 1 3 3 0 0 2 0 1 1 1 2 3 2 2 3 2 1 3 0 1 1 1 2 1 3 0 2 3 0 0 0 3 0 3 3 2 0 2 0 1 0 1 0 3 2 0 1 3 0 0 3 2 1 1 2 0 2 0 2 2 3 0 1 3 1 3 3 0 1 2 2 1 2 3 3 3 0 0 1 3 1 3 1 0 1 2 2 1 2 0 2 2 0 1 2 2 1 3 0 0 0 1 2 0 1 3 0 1 2 2 1 2 1 3 0 2 1 2 2 0 2 0 1 2 3 0 2 2 1 3 3 0 0 2 1 2 2 1 0 3 2 0 1 3 2 1 0 0 1 1 2 1 2 0 2 2 2 0 0 2 1 3 3 1 0 2 3 1 2 0 0 0 3 2 1 3 0 2 1 3 1 1 2 1 2 0 2 0 3 0 2 2 1 3 3 2 0 0 2 0 0 3 0 3 1 1 3 3 1 3 0 0 3 1 3 0 2 0 2 0 3 0 0 2 2 3 0 1 0 2 0 1 0 3 1 3 2 1 1 0 0 2 0 0 1 1 3 1 2 1 2 3 0 0 2 1 1 3 3 0 0 2 0 1 0 3 1 2 3 3 1 3 0 1 0 3 1 2 2 0 3 0 2 3 3 0 3 3 1 3 3 1 3 1 0 1 2 0 0 1 1 1 1 2 0 0 1 2 1 1 3 1 2 1 2 3 3 0 1 1 1 3 3 0 0 3 3 1 0 0 0 2 3 1 3 0 0 3 0 0 0 3 1 1 2 1 0 0 3 3 2 3 0 3 3 2 1 0 0 2 2 1 2 3 0 3 3 3 1 3 0 1 0 1 2 0 2 1 2 2 3 0 1 0 0 3 3 0 1 1 0 1 2 1 1 0 3 1 1 1 0 3 0 1 3 1 0 0 0 0 0 0]
r1_penalty 0.00637386739
INFO:tensorflow:global_step/sec: 0.0366579
I1204 05:10:25.924660 140650540558144 basic_session_run_hooks.py:692] global_step/sec: 0.0366579
INFO:tensorflow:Running Local Blast thread for step 1201
INFO:tensorflow: Step = 1201, Dev (Fake) = 0.2864042, Dev (Real) = 0.4001299, Loss (Disc) = 1.3356676, Loss (Gen) = 0.74257195 (8146.334 sec)
I1204 05:10:26.333993 140646972970752 local_blast_summary.py:18] Running Local Blast thread for step 1201
I1204 05:10:26.334159 140650540558144 basic_session_run_hooks.py:260]  Step = 1201, Dev (Fake) = 0.2864042, Dev (Real) = 0.4001299, Loss (Disc) = 1.3356676, Loss (Gen) = 0.74257195 (8146.334 sec)
--- Logging error ---
Traceback (most recent call last):
  File "/home/mleone2/ml_class_project/ProteinGAN/src/gan/protein/blast_summary.py", line 20, in run
    self.run_blast()
  File "/home/mleone2/ml_class_project/ProteinGAN/src/gan/protein/local_blast_summary.py", line 22, in run_blast
    self.print_blast_results(sequences, fasta, "val")
  File "/home/mleone2/ml_class_project/ProteinGAN/src/gan/protein/local_blast_summary.py", line 29, in print_blast_results
    avg_similarities, s_max = self.get_stats(len(sequences), similarities, "{}/BLOMSUM45".format(type), np.max)
  File "/home/mleone2/ml_class_project/ProteinGAN/src/gan/protein/local_blast_summary.py", line 38, in get_stats
    best_value = f(similarities)
  File "<__array_function__ internals>", line 6, in amax
  File "/home/donghuiy/miniconda3/envs/ml_project/lib/python3.7/site-packages/numpy/core/fromnumeric.py", line 2706, in amax
    keepdims=keepdims, initial=initial, where=where)
  File "/home/donghuiy/miniconda3/envs/ml_project/lib/python3.7/site-packages/numpy/core/fromnumeric.py", line 87, in _wrapreduction
    return ufunc.reduce(obj, axis, dtype, out, **passkwargs)
ValueError: zero-size array to reduction operation maximum which has no identity

During handling of the above exception, another exception occurred:

Traceback (most recent call last):
  File "/home/donghuiy/miniconda3/envs/ml_project/lib/python3.7/logging/__init__.py", line 1025, in emit
    msg = self.format(record)
  File "/home/donghuiy/miniconda3/envs/ml_project/lib/python3.7/logging/__init__.py", line 869, in format
    return fmt.format(record)
  File "/home/donghuiy/miniconda3/envs/ml_project/lib/python3.7/logging/__init__.py", line 608, in format
    record.message = record.getMessage()
  File "/home/donghuiy/miniconda3/envs/ml_project/lib/python3.7/logging/__init__.py", line 369, in getMessage
    msg = msg % self.args
TypeError: not all arguments converted during string formatting
Call stack:
  File "/home/donghuiy/miniconda3/envs/ml_project/lib/python3.7/threading.py", line 890, in _bootstrap
    self._bootstrap_inner()
  File "/home/donghuiy/miniconda3/envs/ml_project/lib/python3.7/threading.py", line 926, in _bootstrap_inner
    self.run()
  File "/home/mleone2/ml_class_project/ProteinGAN/src/gan/protein/blast_summary.py", line 22, in run
    tf.logging.warning("Unexpected error in BlastSummary thread:", str(e))
  File "/home/donghuiy/miniconda3/envs/ml_project/lib/python3.7/site-packages/tensorflow/python/platform/tf_logging.py", line 166, in warning
    get_logger().warning(msg, *args, **kwargs)
Message: 'Unexpected error in BlastSummary thread:'
Arguments: ('zero-size array to reduction operation maximum which has no identity',)
--- Logging error ---
Traceback (most recent call last):
  File "/home/mleone2/ml_class_project/ProteinGAN/src/gan/protein/blast_summary.py", line 20, in run
    self.run_blast()
  File "/home/mleone2/ml_class_project/ProteinGAN/src/gan/protein/local_blast_summary.py", line 22, in run_blast
    self.print_blast_results(sequences, fasta, "val")
  File "/home/mleone2/ml_class_project/ProteinGAN/src/gan/protein/local_blast_summary.py", line 29, in print_blast_results
    avg_similarities, s_max = self.get_stats(len(sequences), similarities, "{}/BLOMSUM45".format(type), np.max)
  File "/home/mleone2/ml_class_project/ProteinGAN/src/gan/protein/local_blast_summary.py", line 38, in get_stats
    best_value = f(similarities)
  File "<__array_function__ internals>", line 6, in amax
  File "/home/donghuiy/miniconda3/envs/ml_project/lib/python3.7/site-packages/numpy/core/fromnumeric.py", line 2706, in amax
    keepdims=keepdims, initial=initial, where=where)
  File "/home/donghuiy/miniconda3/envs/ml_project/lib/python3.7/site-packages/numpy/core/fromnumeric.py", line 87, in _wrapreduction
    return ufunc.reduce(obj, axis, dtype, out, **passkwargs)
ValueError: zero-size array to reduction operation maximum which has no identity

During handling of the above exception, another exception occurred:

Traceback (most recent call last):
  File "/home/donghuiy/miniconda3/envs/ml_project/lib/python3.7/logging/__init__.py", line 1025, in emit
    msg = self.format(record)
  File "/home/donghuiy/miniconda3/envs/ml_project/lib/python3.7/logging/__init__.py", line 869, in format
    return fmt.format(record)
  File "/home/donghuiy/miniconda3/envs/ml_project/lib/python3.7/site-packages/absl/logging/__init__.py", line 938, in format
    return prefix + super(PythonFormatter, self).format(record)
  File "/home/donghuiy/miniconda3/envs/ml_project/lib/python3.7/logging/__init__.py", line 608, in format
    record.message = record.getMessage()
  File "/home/donghuiy/miniconda3/envs/ml_project/lib/python3.7/logging/__init__.py", line 369, in getMessage
    msg = msg % self.args
TypeError: not all arguments converted during string formatting
Call stack:
  File "/home/donghuiy/miniconda3/envs/ml_project/lib/python3.7/threading.py", line 890, in _bootstrap
    self._bootstrap_inner()
  File "/home/donghuiy/miniconda3/envs/ml_project/lib/python3.7/threading.py", line 926, in _bootstrap_inner
    self.run()
  File "/home/mleone2/ml_class_project/ProteinGAN/src/gan/protein/blast_summary.py", line 22, in run
    tf.logging.warning("Unexpected error in BlastSummary thread:", str(e))
  File "/home/donghuiy/miniconda3/envs/ml_project/lib/python3.7/site-packages/tensorflow/python/platform/tf_logging.py", line 166, in warning
    get_logger().warning(msg, *args, **kwargs)
  File "/home/donghuiy/miniconda3/envs/ml_project/lib/python3.7/logging/__init__.py", line 1390, in warning
    self._log(WARNING, msg, args, **kwargs)
  File "/home/donghuiy/miniconda3/envs/ml_project/lib/python3.7/logging/__init__.py", line 1514, in _log
    self.handle(record)
  File "/home/donghuiy/miniconda3/envs/ml_project/lib/python3.7/logging/__init__.py", line 1524, in handle
    self.callHandlers(record)
  File "/home/donghuiy/miniconda3/envs/ml_project/lib/python3.7/logging/__init__.py", line 1586, in callHandlers
    hdlr.handle(record)
  File "/home/donghuiy/miniconda3/envs/ml_project/lib/python3.7/site-packages/absl/logging/__init__.py", line 901, in handle
    return self._current_handler.handle(record)
  File "/home/donghuiy/miniconda3/envs/ml_project/lib/python3.7/logging/__init__.py", line 894, in handle
    self.emit(record)
  File "/home/donghuiy/miniconda3/envs/ml_project/lib/python3.7/site-packages/absl/logging/__init__.py", line 838, in emit
    super(PythonHandler, self).emit(record)
Message: 'Unexpected error in BlastSummary thread:'
Arguments: ('zero-size array to reduction operation maximum which has no identity',)
INFO:tensorflow:Saving checkpoints for 1212 into /home/mleone2/ml_class_project/ProteinGAN/src/gan/../../weights/protein/our_data/sngan/gumbel/58x512_one_hot/non_saturating/batch_size=16/d_dim_30_g_dim_44/moh1_run_k_3x3_d_1_conv/model.ckpt.
I1204 05:15:20.217278 140650540558144 basic_session_run_hooks.py:606] Saving checkpoints for 1212 into /home/mleone2/ml_class_project/ProteinGAN/src/gan/../../weights/protein/our_data/sngan/gumbel/58x512_one_hot/non_saturating/batch_size=16/d_dim_30_g_dim_44/moh1_run_k_3x3_d_1_conv/model.ckpt.
INFO:tensorflow:Saving checkpoints for 1257 into /home/mleone2/ml_class_project/ProteinGAN/src/gan/../../weights/protein/our_data/sngan/gumbel/58x512_one_hot/non_saturating/batch_size=16/d_dim_30_g_dim_44/moh1_run_k_3x3_d_1_conv/model.ckpt.
I1204 05:35:40.275711 140650540558144 basic_session_run_hooks.py:606] Saving checkpoints for 1257 into /home/mleone2/ml_class_project/ProteinGAN/src/gan/../../weights/protein/our_data/sngan/gumbel/58x512_one_hot/non_saturating/batch_size=16/d_dim_30_g_dim_44/moh1_run_k_3x3_d_1_conv/model.ckpt.
INFO:tensorflow:global_step/sec: 0.0367989
I1204 05:55:43.398546 140650540558144 basic_session_run_hooks.py:692] global_step/sec: 0.0367989
INFO:tensorflow:Saving checkpoints for 1301 into /home/mleone2/ml_class_project/ProteinGAN/src/gan/../../weights/protein/our_data/sngan/gumbel/58x512_one_hot/non_saturating/batch_size=16/d_dim_30_g_dim_44/moh1_run_k_3x3_d_1_conv/model.ckpt.
I1204 05:55:44.403230 140650540558144 basic_session_run_hooks.py:606] Saving checkpoints for 1301 into /home/mleone2/ml_class_project/ProteinGAN/src/gan/../../weights/protein/our_data/sngan/gumbel/58x512_one_hot/non_saturating/batch_size=16/d_dim_30_g_dim_44/moh1_run_k_3x3_d_1_conv/model.ckpt.
INFO:tensorflow:Saving checkpoints for 1345 into /home/mleone2/ml_class_project/ProteinGAN/src/gan/../../weights/protein/our_data/sngan/gumbel/58x512_one_hot/non_saturating/batch_size=16/d_dim_30_g_dim_44/moh1_run_k_3x3_d_1_conv/model.ckpt.
I1204 06:15:45.588100 140650540558144 basic_session_run_hooks.py:606] Saving checkpoints for 1345 into /home/mleone2/ml_class_project/ProteinGAN/src/gan/../../weights/protein/our_data/sngan/gumbel/58x512_one_hot/non_saturating/batch_size=16/d_dim_30_g_dim_44/moh1_run_k_3x3_d_1_conv/model.ckpt.
INFO:tensorflow:Saving checkpoints for 1390 into /home/mleone2/ml_class_project/ProteinGAN/src/gan/../../weights/protein/our_data/sngan/gumbel/58x512_one_hot/non_saturating/batch_size=16/d_dim_30_g_dim_44/moh1_run_k_3x3_d_1_conv/model.ckpt.
I1204 06:36:10.766590 140650540558144 basic_session_run_hooks.py:606] Saving checkpoints for 1390 into /home/mleone2/ml_class_project/ProteinGAN/src/gan/../../weights/protein/our_data/sngan/gumbel/58x512_one_hot/non_saturating/batch_size=16/d_dim_30_g_dim_44/moh1_run_k_3x3_d_1_conv/model.ckpt.
INFO:tensorflow:global_step/sec: 0.0365448
I1204 06:41:19.763315 140650540558144 basic_session_run_hooks.py:692] global_step/sec: 0.0365448
INFO:tensorflow:Saving checkpoints for 1434 into /home/mleone2/ml_class_project/ProteinGAN/src/gan/../../weights/protein/our_data/sngan/gumbel/58x512_one_hot/non_saturating/batch_size=16/d_dim_30_g_dim_44/moh1_run_k_3x3_d_1_conv/model.ckpt.
I1204 06:56:12.977601 140650540558144 basic_session_run_hooks.py:606] Saving checkpoints for 1434 into /home/mleone2/ml_class_project/ProteinGAN/src/gan/../../weights/protein/our_data/sngan/gumbel/58x512_one_hot/non_saturating/batch_size=16/d_dim_30_g_dim_44/moh1_run_k_3x3_d_1_conv/model.ckpt.
INFO:tensorflow:Saving checkpoints for 1479 into /home/mleone2/ml_class_project/ProteinGAN/src/gan/../../weights/protein/our_data/sngan/gumbel/58x512_one_hot/non_saturating/batch_size=16/d_dim_30_g_dim_44/moh1_run_k_3x3_d_1_conv/model.ckpt.
I1204 07:16:26.306416 140650540558144 basic_session_run_hooks.py:606] Saving checkpoints for 1479 into /home/mleone2/ml_class_project/ProteinGAN/src/gan/../../weights/protein/our_data/sngan/gumbel/58x512_one_hot/non_saturating/batch_size=16/d_dim_30_g_dim_44/moh1_run_k_3x3_d_1_conv/model.ckpt.
Temperature 0.150277629
fake [0 0 0 0 0 0 2 2 3 3 3 0 3 1 3 3 3 3 1 3 0 0 1 2 3 0 1 1 3 1 1 3 1 1 1 1 0 1 1 2 3 0 3 1 3 1 1 3 0 3 1 3 0 1 1 2 0 0 1 1 3 1 1 1 1 1 2 0 1 1 1 2 3 3 1 0 3 1 1 3 0 1 1 3 0 1 1 0 0 0 1 1 3 1 1 1 1 1 1 0 0 1 0 2 1 3 3 0 3 1 1 2 1 3 1 3 3 1 1 0 1 0 1 1 3 1 1 2 1 1 1 1 0 0 0 0 3 3 3 0 1 0 1 0 0 3 1 3 3 1 1 2 0 0 1 1 3 1 1 0 1 1 1 1 0 2 1 2 1 0 3 0 3 0 1 2 0 3 1 3 0 1 0 2 0 0 2 1 3 1 1 1 0 2 3 1 2 1 0 3 3 3 3 0 3 0 1 0 0 3 1 3 0 2 2 2 0 2 1 1 3 1 2 2 0 1 0 2 1 0 2 0 2 0 1 3 3 0 1 2 0 1 1 3 0 2 2 2 1 2 2 1 1 1 3 0 0 0 1 1 0 0 0 1 2 3 3 0 3 0 3 2 0 0 1 3 0 0 0 0 2 3 0 2 2 1 2 3 0 2 2 3 1 0 1 2 2 0 3 3 3 0 1 3 0 3 1 2 0 0 0 2 0 1 3 1 3 1 1 3 0 1 1 1 0 0 0 2 2 0 3 0 3 0 0 2 0 1 0 3 0 2 0 1 0 0 2 2 2 1 1 0 2 1 2 0 0 2 2 2 2 3 2 0 3 2 0 0 0 0 1 0 0 2 2 0 0 0 2 2 2 2 2 1 1 2 2 0 0 2 0 2 0 0 3 1 2 0 1 0 1 2 2 2 0 0 2 0 0 2 2 0 2 2 0 2 2 2 2 2 0 1 0 2 2 2 2 0 3 0 2 2 0 2 1 1 0 0 0 0 0 2 2 2 2 0 0 0 1 0 2 3 0 2 0 2 2 0 3 2 2 0 2 0 0 2 1 2 0 0 1 2 0 1 1 2 2 1 2 2 1 2 1 2 0 2 0 2 0 0 1 0 3 0 2 2 0 0 1 3 3 0 3 2 1 3 1 0 1 1 0 3]
r1_penalty 0.00319731026
INFO:tensorflow:global_step/sec: 0.0371177
I1204 07:26:13.895529 140650540558144 basic_session_run_hooks.py:692] global_step/sec: 0.0371177
INFO:tensorflow: Step = 1501, Dev (Fake) = 0.30268133, Dev (Real) = 0.39975154, Loss (Disc) = 1.3307643, Loss (Gen) = 0.7311672 (8147.571 sec)
I1204 07:26:13.904982 140650540558144 basic_session_run_hooks.py:260]  Step = 1501, Dev (Fake) = 0.30268133, Dev (Real) = 0.39975154, Loss (Disc) = 1.3307643, Loss (Gen) = 0.7311672 (8147.571 sec)
INFO:tensorflow:Saving checkpoints for 1525 into /home/mleone2/ml_class_project/ProteinGAN/src/gan/../../weights/protein/our_data/sngan/gumbel/58x512_one_hot/non_saturating/batch_size=16/d_dim_30_g_dim_44/moh1_run_k_3x3_d_1_conv/model.ckpt.
I1204 07:36:27.708659 140650540558144 basic_session_run_hooks.py:606] Saving checkpoints for 1525 into /home/mleone2/ml_class_project/ProteinGAN/src/gan/../../weights/protein/our_data/sngan/gumbel/58x512_one_hot/non_saturating/batch_size=16/d_dim_30_g_dim_44/moh1_run_k_3x3_d_1_conv/model.ckpt.
INFO:tensorflow:Saving checkpoints for 1572 into /home/mleone2/ml_class_project/ProteinGAN/src/gan/../../weights/protein/our_data/sngan/gumbel/58x512_one_hot/non_saturating/batch_size=16/d_dim_30_g_dim_44/moh1_run_k_3x3_d_1_conv/model.ckpt.
I1204 07:56:39.521844 140650540558144 basic_session_run_hooks.py:606] Saving checkpoints for 1572 into /home/mleone2/ml_class_project/ProteinGAN/src/gan/../../weights/protein/our_data/sngan/gumbel/58x512_one_hot/non_saturating/batch_size=16/d_dim_30_g_dim_44/moh1_run_k_3x3_d_1_conv/model.ckpt.
INFO:tensorflow:global_step/sec: 0.0385825
I1204 08:09:25.744682 140650540558144 basic_session_run_hooks.py:692] global_step/sec: 0.0385825
INFO:tensorflow:Saving checkpoints for 1619 into /home/mleone2/ml_class_project/ProteinGAN/src/gan/../../weights/protein/our_data/sngan/gumbel/58x512_one_hot/non_saturating/batch_size=16/d_dim_30_g_dim_44/moh1_run_k_3x3_d_1_conv/model.ckpt.
I1204 08:17:03.665253 140650540558144 basic_session_run_hooks.py:606] Saving checkpoints for 1619 into /home/mleone2/ml_class_project/ProteinGAN/src/gan/../../weights/protein/our_data/sngan/gumbel/58x512_one_hot/non_saturating/batch_size=16/d_dim_30_g_dim_44/moh1_run_k_3x3_d_1_conv/model.ckpt.
INFO:tensorflow:Saving checkpoints for 1666 into /home/mleone2/ml_class_project/ProteinGAN/src/gan/../../weights/protein/our_data/sngan/gumbel/58x512_one_hot/non_saturating/batch_size=16/d_dim_30_g_dim_44/moh1_run_k_3x3_d_1_conv/model.ckpt.
I1204 08:37:11.254840 140650540558144 basic_session_run_hooks.py:606] Saving checkpoints for 1666 into /home/mleone2/ml_class_project/ProteinGAN/src/gan/../../weights/protein/our_data/sngan/gumbel/58x512_one_hot/non_saturating/batch_size=16/d_dim_30_g_dim_44/moh1_run_k_3x3_d_1_conv/model.ckpt.
INFO:tensorflow:global_step/sec: 0.0389369
I1204 08:52:14.004176 140650540558144 basic_session_run_hooks.py:692] global_step/sec: 0.0389369
INFO:tensorflow:Saving checkpoints for 1713 into /home/mleone2/ml_class_project/ProteinGAN/src/gan/../../weights/protein/our_data/sngan/gumbel/58x512_one_hot/non_saturating/batch_size=16/d_dim_30_g_dim_44/moh1_run_k_3x3_d_1_conv/model.ckpt.
I1204 08:57:18.080363 140650540558144 basic_session_run_hooks.py:606] Saving checkpoints for 1713 into /home/mleone2/ml_class_project/ProteinGAN/src/gan/../../weights/protein/our_data/sngan/gumbel/58x512_one_hot/non_saturating/batch_size=16/d_dim_30_g_dim_44/moh1_run_k_3x3_d_1_conv/model.ckpt.
INFO:tensorflow:Saving checkpoints for 1760 into /home/mleone2/ml_class_project/ProteinGAN/src/gan/../../weights/protein/our_data/sngan/gumbel/58x512_one_hot/non_saturating/batch_size=16/d_dim_30_g_dim_44/moh1_run_k_3x3_d_1_conv/model.ckpt.
I1204 09:17:22.918724 140650540558144 basic_session_run_hooks.py:606] Saving checkpoints for 1760 into /home/mleone2/ml_class_project/ProteinGAN/src/gan/../../weights/protein/our_data/sngan/gumbel/58x512_one_hot/non_saturating/batch_size=16/d_dim_30_g_dim_44/moh1_run_k_3x3_d_1_conv/model.ckpt.
Temperature 0.14662315
fake [0 0 0 0 0 1 3 1 2 0 2 3 3 3 1 0 0 0 3 0 1 0 3 0 2 0 1 0 1 3 1 0 0 1 1 0 0 1 3 1 2 2 2 3 1 3 1 0 0 0 3 1 1 1 3 0 2 2 3 0 1 3 1 0 0 0 3 3 1 1 3 1 2 2 2 3 1 3 1 0 0 0 0 0 3 0 3 0 2 2 2 3 1 3 1 0 0 0 3 1 1 0 3 0 2 2 2 0 3 0 1 0 0 0 3 0 1 1 3 0 2 2 2 3 1 1 1 3 0 0 0 1 1 0 0 1 1 2 1 3 1 2 1 0 0 0 3 0 1 0 3 0 2 3 1 3 1 3 1 0 2 0 2 1 1 1 2 2 1 2 2 3 0 2 1 0 0 2 0 0 1 0 3 0 3 3 0 1 1 3 1 3 0 0 2 1 1 0 3 1 2 0 2 0 2 3 1 0 2 0 2 3 1 0 3 0 2 1 2 3 0 3 1 3 0 1 2 3 1 1 3 1 2 2 1 3 2 3 1 1 0 0 3 0 1 1 3 0 2 2 2 3 0 3 1 0 2 0 2 3 3 3 3 3 2 2 1 3 0 3 3 0 3 0 3 1 1 0 3 1 2 1 2 3 3 0 1 0 3 0 2 3 1 1 3 0 2 2 2 0 1 2 1 2 0 0 2 0 1 0 1 0 2 1 2 3 0 3 1 0 0 0 2 1 0 3 3 1 2 2 2 1 2 3 1 0 0 0 3 0 1 0 3 0 2 2 2 3 1 3 1 0 0 0 2 1 1 1 3 0 2 2 3 3 0 0 1 0 0 0 0 0 1 0 3 0 2 0 2 3 1 3 1 3 0 0 2 0 1 1 3 1 2 2 0 0 1 2 1 0 0 0 0 0 0 1 3 2 2 2 2 2 3 1 1 1 3 0 2 0 1 0 1 0 2 2 2 1 1 0 0 2 0 2 2 0 2 0 3 1 2 2 2 3 3 3 1 3 3 0 2 0 1 3 2 0 2 2 2 1 2 2 0 0 0 0 0 0 2 2 3 0 2 2 2 1 2 3 1 2 0 0 2 3 1 2 2 0 2 2 2 1 3 2 1 0 0 0 2 1 2 2 0 0 0 0 0 0 0 0 0 0]
r1_penalty 0.00159317721
INFO:tensorflow:global_step/sec: 0.0387176
I1204 09:35:16.806632 140650540558144 basic_session_run_hooks.py:692] global_step/sec: 0.0387176
INFO:tensorflow: Step = 1801, Dev (Fake) = 0.26332825, Dev (Real) = 0.40032205, Loss (Disc) = 1.3383064, Loss (Gen) = 0.7383512 (7742.905 sec)
I1204 09:35:16.810153 140650540558144 basic_session_run_hooks.py:260]  Step = 1801, Dev (Fake) = 0.26332825, Dev (Real) = 0.40032205, Loss (Disc) = 1.3383064, Loss (Gen) = 0.7383512 (7742.905 sec)
INFO:tensorflow:Saving checkpoints for 1806 into /home/mleone2/ml_class_project/ProteinGAN/src/gan/../../weights/protein/our_data/sngan/gumbel/58x512_one_hot/non_saturating/batch_size=16/d_dim_30_g_dim_44/moh1_run_k_3x3_d_1_conv/model.ckpt.
I1204 09:37:24.455712 140650540558144 basic_session_run_hooks.py:606] Saving checkpoints for 1806 into /home/mleone2/ml_class_project/ProteinGAN/src/gan/../../weights/protein/our_data/sngan/gumbel/58x512_one_hot/non_saturating/batch_size=16/d_dim_30_g_dim_44/moh1_run_k_3x3_d_1_conv/model.ckpt.
INFO:tensorflow:Saving checkpoints for 1853 into /home/mleone2/ml_class_project/ProteinGAN/src/gan/../../weights/protein/our_data/sngan/gumbel/58x512_one_hot/non_saturating/batch_size=16/d_dim_30_g_dim_44/moh1_run_k_3x3_d_1_conv/model.ckpt.
I1204 09:57:35.542749 140650540558144 basic_session_run_hooks.py:606] Saving checkpoints for 1853 into /home/mleone2/ml_class_project/ProteinGAN/src/gan/../../weights/protein/our_data/sngan/gumbel/58x512_one_hot/non_saturating/batch_size=16/d_dim_30_g_dim_44/moh1_run_k_3x3_d_1_conv/model.ckpt.
INFO:tensorflow:Saving checkpoints for 1900 into /home/mleone2/ml_class_project/ProteinGAN/src/gan/../../weights/protein/our_data/sngan/gumbel/58x512_one_hot/non_saturating/batch_size=16/d_dim_30_g_dim_44/moh1_run_k_3x3_d_1_conv/model.ckpt.
I1204 10:17:47.580012 140650540558144 basic_session_run_hooks.py:606] Saving checkpoints for 1900 into /home/mleone2/ml_class_project/ProteinGAN/src/gan/../../weights/protein/our_data/sngan/gumbel/58x512_one_hot/non_saturating/batch_size=16/d_dim_30_g_dim_44/moh1_run_k_3x3_d_1_conv/model.ckpt.
INFO:tensorflow:global_step/sec: 0.0386318
I1204 10:18:25.349019 140650540558144 basic_session_run_hooks.py:692] global_step/sec: 0.0386318
INFO:tensorflow:Saving checkpoints for 1947 into /home/mleone2/ml_class_project/ProteinGAN/src/gan/../../weights/protein/our_data/sngan/gumbel/58x512_one_hot/non_saturating/batch_size=16/d_dim_30_g_dim_44/moh1_run_k_3x3_d_1_conv/model.ckpt.
I1204 10:37:56.658875 140650540558144 basic_session_run_hooks.py:606] Saving checkpoints for 1947 into /home/mleone2/ml_class_project/ProteinGAN/src/gan/../../weights/protein/our_data/sngan/gumbel/58x512_one_hot/non_saturating/batch_size=16/d_dim_30_g_dim_44/moh1_run_k_3x3_d_1_conv/model.ckpt.
INFO:tensorflow:Saving checkpoints for 1994 into /home/mleone2/ml_class_project/ProteinGAN/src/gan/../../weights/protein/our_data/sngan/gumbel/58x512_one_hot/non_saturating/batch_size=16/d_dim_30_g_dim_44/moh1_run_k_3x3_d_1_conv/model.ckpt.
I1204 10:58:05.809189 140650540558144 basic_session_run_hooks.py:606] Saving checkpoints for 1994 into /home/mleone2/ml_class_project/ProteinGAN/src/gan/../../weights/protein/our_data/sngan/gumbel/58x512_one_hot/non_saturating/batch_size=16/d_dim_30_g_dim_44/moh1_run_k_3x3_d_1_conv/model.ckpt.
INFO:tensorflow:global_step/sec: 0.0389467
I1204 11:01:12.963970 140650540558144 basic_session_run_hooks.py:692] global_step/sec: 0.0389467
INFO:tensorflow:Saving checkpoints for 2041 into /home/mleone2/ml_class_project/ProteinGAN/src/gan/../../weights/protein/our_data/sngan/gumbel/58x512_one_hot/non_saturating/batch_size=16/d_dim_30_g_dim_44/moh1_run_k_3x3_d_1_conv/model.ckpt.
I1204 11:18:11.513913 140650540558144 basic_session_run_hooks.py:606] Saving checkpoints for 2041 into /home/mleone2/ml_class_project/ProteinGAN/src/gan/../../weights/protein/our_data/sngan/gumbel/58x512_one_hot/non_saturating/batch_size=16/d_dim_30_g_dim_44/moh1_run_k_3x3_d_1_conv/model.ckpt.
INFO:tensorflow:Saving checkpoints for 2088 into /home/mleone2/ml_class_project/ProteinGAN/src/gan/../../weights/protein/our_data/sngan/gumbel/58x512_one_hot/non_saturating/batch_size=16/d_dim_30_g_dim_44/moh1_run_k_3x3_d_1_conv/model.ckpt.
I1204 11:38:21.773280 140650540558144 basic_session_run_hooks.py:606] Saving checkpoints for 2088 into /home/mleone2/ml_class_project/ProteinGAN/src/gan/../../weights/protein/our_data/sngan/gumbel/58x512_one_hot/non_saturating/batch_size=16/d_dim_30_g_dim_44/moh1_run_k_3x3_d_1_conv/model.ckpt.
Temperature 0.143668935
fake [0 0 0 0 0 3 0 2 0 2 2 1 0 1 2 0 3 0 0 0 1 1 0 1 0 2 0 0 2 0 0 1 2 3 1 3 1 2 0 2 1 1 0 2 2 1 2 0 3 3 0 0 1 3 0 0 0 2 0 0 3 1 3 0 2 3 3 1 3 1 0 2 0 1 3 1 2 1 2 3 0 3 0 0 1 1 0 0 0 0 0 0 0 0 2 1 2 3 1 1 1 1 0 2 1 1 1 0 3 1 2 1 2 3 0 1 1 1 0 1 0 3 0 0 2 1 3 1 2 3 3 2 1 1 0 2 1 3 1 2 2 0 2 2 2 0 0 2 0 0 0 2 2 1 0 1 2 0 2 1 2 3 0 3 1 2 2 2 1 1 0 0 2 0 2 1 2 3 0 0 1 1 0 2 0 2 3 1 2 0 1 0 3 3 0 3 1 3 0 2 3 1 0 0 2 3 1 0 2 3 3 3 1 1 0 0 2 3 2 1 2 1 2 1 2 3 3 3 3 2 0 2 1 1 0 2 0 0 2 2 2 1 0 3 1 1 2 2 0 2 0 0 3 0 2 2 3 3 3 3 3 3 0 2 1 1 3 0 0 0 1 0 2 3 0 3 3 1 0 3 0 0 0 1 1 0 1 1 2 3 3 1 1 1 2 2 1 2 1 0 3 0 2 0 3 3 0 0 3 1 0 0 0 1 0 0 2 1 2 1 2 3 0 3 3 1 0 2 1 1 1 0 3 0 2 0 2 3 0 0 3 1 0 1 1 0 0 0 0 1 2 1 3 3 1 3 1 2 0 2 2 1 1 0 0 0 2 1 2 3 0 0 3 1 0 0 2 1 0 3 2 0 2 1 3 3 0 1 1 1 0 3 1 1 0 0 3 1 2 1 3 3 0 0 1 1 3 1 1 0 0 0 2 0 2 1 2 2 3 3 1 2 2 1 1 1 0 1 0 0 2 1 2 3 0 0 0 1 0 1 2 0 0 2 2 1 2 2 0 3 3 0 3 2 0 2 1 2 1 0 2 1 2 0 1 0 0 0 3 3 0 0 2 3 3 0 0 0 2 2 2 1 0 2 2 0 2 3 1 1 0 0 3 0 2 1 2 3 0 0 1 1 0 0 2 1 0 0 0 0 0 0]
r1_penalty 0.0011838089
INFO:tensorflow:global_step/sec: 0.0387038
I1204 11:44:16.690297 140650540558144 basic_session_run_hooks.py:692] global_step/sec: 0.0387038
INFO:tensorflow: Step = 2101, Dev (Fake) = 0.2820842, Dev (Real) = 0.40087128, Loss (Disc) = 1.3275462, Loss (Gen) = 0.7441612 (7739.884 sec)
I1204 11:44:16.693724 140650540558144 basic_session_run_hooks.py:260]  Step = 2101, Dev (Fake) = 0.2820842, Dev (Real) = 0.40087128, Loss (Disc) = 1.3275462, Loss (Gen) = 0.7441612 (7739.884 sec)
INFO:tensorflow:Saving checkpoints for 2135 into /home/mleone2/ml_class_project/ProteinGAN/src/gan/../../weights/protein/our_data/sngan/gumbel/58x512_one_hot/non_saturating/batch_size=16/d_dim_30_g_dim_44/moh1_run_k_3x3_d_1_conv/model.ckpt.
I1204 11:58:44.835295 140650540558144 basic_session_run_hooks.py:606] Saving checkpoints for 2135 into /home/mleone2/ml_class_project/ProteinGAN/src/gan/../../weights/protein/our_data/sngan/gumbel/58x512_one_hot/non_saturating/batch_size=16/d_dim_30_g_dim_44/moh1_run_k_3x3_d_1_conv/model.ckpt.
INFO:tensorflow:Saving checkpoints for 2182 into /home/mleone2/ml_class_project/ProteinGAN/src/gan/../../weights/protein/our_data/sngan/gumbel/58x512_one_hot/non_saturating/batch_size=16/d_dim_30_g_dim_44/moh1_run_k_3x3_d_1_conv/model.ckpt.
I1204 12:18:53.262437 140650540558144 basic_session_run_hooks.py:606] Saving checkpoints for 2182 into /home/mleone2/ml_class_project/ProteinGAN/src/gan/../../weights/protein/our_data/sngan/gumbel/58x512_one_hot/non_saturating/batch_size=16/d_dim_30_g_dim_44/moh1_run_k_3x3_d_1_conv/model.ckpt.
INFO:tensorflow:global_step/sec: 0.0389395
I1204 12:27:04.779373 140650540558144 basic_session_run_hooks.py:692] global_step/sec: 0.0389395
INFO:tensorflow:Saving checkpoints for 2229 into /home/mleone2/ml_class_project/ProteinGAN/src/gan/../../weights/protein/our_data/sngan/gumbel/58x512_one_hot/non_saturating/batch_size=16/d_dim_30_g_dim_44/moh1_run_k_3x3_d_1_conv/model.ckpt.
I1204 12:38:57.537265 140650540558144 basic_session_run_hooks.py:606] Saving checkpoints for 2229 into /home/mleone2/ml_class_project/ProteinGAN/src/gan/../../weights/protein/our_data/sngan/gumbel/58x512_one_hot/non_saturating/batch_size=16/d_dim_30_g_dim_44/moh1_run_k_3x3_d_1_conv/model.ckpt.
INFO:tensorflow:Saving checkpoints for 2276 into /home/mleone2/ml_class_project/ProteinGAN/src/gan/../../weights/protein/our_data/sngan/gumbel/58x512_one_hot/non_saturating/batch_size=16/d_dim_30_g_dim_44/moh1_run_k_3x3_d_1_conv/model.ckpt.
I1204 12:59:08.278457 140650540558144 basic_session_run_hooks.py:606] Saving checkpoints for 2276 into /home/mleone2/ml_class_project/ProteinGAN/src/gan/../../weights/protein/our_data/sngan/gumbel/58x512_one_hot/non_saturating/batch_size=16/d_dim_30_g_dim_44/moh1_run_k_3x3_d_1_conv/model.ckpt.
INFO:tensorflow:global_step/sec: 0.0389345
I1204 13:09:53.196360 140650540558144 basic_session_run_hooks.py:692] global_step/sec: 0.0389345
INFO:tensorflow:Saving checkpoints for 2323 into /home/mleone2/ml_class_project/ProteinGAN/src/gan/../../weights/protein/our_data/sngan/gumbel/58x512_one_hot/non_saturating/batch_size=16/d_dim_30_g_dim_44/moh1_run_k_3x3_d_1_conv/model.ckpt.
I1204 13:19:11.913545 140650540558144 basic_session_run_hooks.py:606] Saving checkpoints for 2323 into /home/mleone2/ml_class_project/ProteinGAN/src/gan/../../weights/protein/our_data/sngan/gumbel/58x512_one_hot/non_saturating/batch_size=16/d_dim_30_g_dim_44/moh1_run_k_3x3_d_1_conv/model.ckpt.
INFO:tensorflow:Saving checkpoints for 2370 into /home/mleone2/ml_class_project/ProteinGAN/src/gan/../../weights/protein/our_data/sngan/gumbel/58x512_one_hot/non_saturating/batch_size=16/d_dim_30_g_dim_44/moh1_run_k_3x3_d_1_conv/model.ckpt.
I1204 13:39:23.071379 140650540558144 basic_session_run_hooks.py:606] Saving checkpoints for 2370 into /home/mleone2/ml_class_project/ProteinGAN/src/gan/../../weights/protein/our_data/sngan/gumbel/58x512_one_hot/non_saturating/batch_size=16/d_dim_30_g_dim_44/moh1_run_k_3x3_d_1_conv/model.ckpt.
Temperature 0.141204298
fake [0 0 0 0 0 2 1 1 2 0 0 3 1 3 0 2 1 2 0 3 0 0 1 1 3 0 2 0 1 2 0 1 0 2 0 0 0 0 3 1 2 0 0 3 1 3 0 2 1 1 0 0 1 2 1 1 2 0 2 1 0 3 0 2 2 2 0 0 0 0 2 0 0 0 0 0 0 3 1 1 2 2 2 1 1 2 1 1 0 0 2 3 1 2 0 2 0 2 0 0 0 0 0 0 2 0 0 3 1 2 0 2 1 2 0 2 0 2 3 0 2 0 0 3 0 2 0 0 0 2 0 3 0 0 3 0 2 0 0 3 1 3 0 3 2 1 3 1 0 2 0 0 3 0 2 3 2 0 1 3 1 2 0 3 0 0 3 0 2 0 0 0 1 3 1 2 0 2 1 3 0 0 1 0 3 0 2 0 0 2 0 3 0 2 0 0 3 0 3 1 2 0 3 1 0 2 1 0 2 2 1 3 1 1 3 1 3 0 0 3 1 2 1 1 0 1 0 3 0 0 3 1 3 0 0 1 1 1 0 1 1 1 0 0 3 2 3 1 1 0 3 3 1 3 0 3 2 2 1 0 3 0 3 3 2 3 0 3 1 3 1 1 2 2 0 3 3 0 3 0 3 0 2 3 0 3 0 3 0 2 0 3 3 0 3 0 2 1 0 3 1 3 0 2 2 2 1 0 0 2 3 1 2 0 2 3 2 3 0 0 2 2 0 2 2 0 3 0 3 0 0 0 0 1 0 2 2 1 3 1 0 2 2 1 1 0 2 0 0 1 0 3 0 2 2 2 0 0 2 2 2 0 2 0 2 3 0 2 1 1 2 0 1 2 3 1 3 0 0 3 1 2 0 2 0 2 0 2 0 0 3 1 2 0 0 3 1 3 1 3 3 0 2 1 0 2 1 1 0 0 2 0 0 0 1 2 0 1 0 3 0 2 3 0 2 0 0 3 1 3 0 1 2 3 1 3 0 0 1 1 2 1 2 3 1 3 1 0 2 2 0 0 0 3 3 1 2 1 1 0 1 2 0 1 1 1 1 0 0 0 3 1 3 0 3 0 1 3 1 3 1 2 0 3 3 0 3 1 2 0 1 3 0 1 1 1 2 0 3 3 0 3 3 0 3 0 0 0 0 3 0 0]
r1_penalty 0.00595207047
INFO:tensorflow:global_step/sec: 0.0385913
I1204 13:53:04.453904 140650540558144 basic_session_run_hooks.py:692] global_step/sec: 0.0385913
INFO:tensorflow:Running Local Blast thread for step 2401
INFO:tensorflow: Step = 2401, Dev (Fake) = 0.28388035, Dev (Real) = 0.3999654, Loss (Disc) = 1.337044, Loss (Gen) = 0.7481886 (7727.765 sec)
I1204 13:53:04.458035 140646972970752 local_blast_summary.py:18] Running Local Blast thread for step 2401
I1204 13:53:04.458224 140650540558144 basic_session_run_hooks.py:260]  Step = 2401, Dev (Fake) = 0.28388035, Dev (Real) = 0.3999654, Loss (Disc) = 1.337044, Loss (Gen) = 0.7481886 (7727.765 sec)
--- Logging error ---
Traceback (most recent call last):
  File "/home/mleone2/ml_class_project/ProteinGAN/src/gan/protein/blast_summary.py", line 20, in run
    self.run_blast()
  File "/home/mleone2/ml_class_project/ProteinGAN/src/gan/protein/local_blast_summary.py", line 22, in run_blast
    self.print_blast_results(sequences, fasta, "val")
  File "/home/mleone2/ml_class_project/ProteinGAN/src/gan/protein/local_blast_summary.py", line 29, in print_blast_results
    avg_similarities, s_max = self.get_stats(len(sequences), similarities, "{}/BLOMSUM45".format(type), np.max)
  File "/home/mleone2/ml_class_project/ProteinGAN/src/gan/protein/local_blast_summary.py", line 38, in get_stats
    best_value = f(similarities)
  File "<__array_function__ internals>", line 6, in amax
  File "/home/donghuiy/miniconda3/envs/ml_project/lib/python3.7/site-packages/numpy/core/fromnumeric.py", line 2706, in amax
    keepdims=keepdims, initial=initial, where=where)
  File "/home/donghuiy/miniconda3/envs/ml_project/lib/python3.7/site-packages/numpy/core/fromnumeric.py", line 87, in _wrapreduction
    return ufunc.reduce(obj, axis, dtype, out, **passkwargs)
ValueError: zero-size array to reduction operation maximum which has no identity

During handling of the above exception, another exception occurred:

Traceback (most recent call last):
  File "/home/donghuiy/miniconda3/envs/ml_project/lib/python3.7/logging/__init__.py", line 1025, in emit
    msg = self.format(record)
  File "/home/donghuiy/miniconda3/envs/ml_project/lib/python3.7/logging/__init__.py", line 869, in format
    return fmt.format(record)
  File "/home/donghuiy/miniconda3/envs/ml_project/lib/python3.7/logging/__init__.py", line 608, in format
    record.message = record.getMessage()
  File "/home/donghuiy/miniconda3/envs/ml_project/lib/python3.7/logging/__init__.py", line 369, in getMessage
    msg = msg % self.args
TypeError: not all arguments converted during string formatting
Call stack:
  File "/home/donghuiy/miniconda3/envs/ml_project/lib/python3.7/threading.py", line 890, in _bootstrap
    self._bootstrap_inner()
  File "/home/donghuiy/miniconda3/envs/ml_project/lib/python3.7/threading.py", line 926, in _bootstrap_inner
    self.run()
  File "/home/mleone2/ml_class_project/ProteinGAN/src/gan/protein/blast_summary.py", line 22, in run
    tf.logging.warning("Unexpected error in BlastSummary thread:", str(e))
  File "/home/donghuiy/miniconda3/envs/ml_project/lib/python3.7/site-packages/tensorflow/python/platform/tf_logging.py", line 166, in warning
    get_logger().warning(msg, *args, **kwargs)
Message: 'Unexpected error in BlastSummary thread:'
Arguments: ('zero-size array to reduction operation maximum which has no identity',)
--- Logging error ---
Traceback (most recent call last):
  File "/home/mleone2/ml_class_project/ProteinGAN/src/gan/protein/blast_summary.py", line 20, in run
    self.run_blast()
  File "/home/mleone2/ml_class_project/ProteinGAN/src/gan/protein/local_blast_summary.py", line 22, in run_blast
    self.print_blast_results(sequences, fasta, "val")
  File "/home/mleone2/ml_class_project/ProteinGAN/src/gan/protein/local_blast_summary.py", line 29, in print_blast_results
    avg_similarities, s_max = self.get_stats(len(sequences), similarities, "{}/BLOMSUM45".format(type), np.max)
  File "/home/mleone2/ml_class_project/ProteinGAN/src/gan/protein/local_blast_summary.py", line 38, in get_stats
    best_value = f(similarities)
  File "<__array_function__ internals>", line 6, in amax
  File "/home/donghuiy/miniconda3/envs/ml_project/lib/python3.7/site-packages/numpy/core/fromnumeric.py", line 2706, in amax
    keepdims=keepdims, initial=initial, where=where)
  File "/home/donghuiy/miniconda3/envs/ml_project/lib/python3.7/site-packages/numpy/core/fromnumeric.py", line 87, in _wrapreduction
    return ufunc.reduce(obj, axis, dtype, out, **passkwargs)
ValueError: zero-size array to reduction operation maximum which has no identity

During handling of the above exception, another exception occurred:

Traceback (most recent call last):
  File "/home/donghuiy/miniconda3/envs/ml_project/lib/python3.7/logging/__init__.py", line 1025, in emit
    msg = self.format(record)
  File "/home/donghuiy/miniconda3/envs/ml_project/lib/python3.7/logging/__init__.py", line 869, in format
    return fmt.format(record)
  File "/home/donghuiy/miniconda3/envs/ml_project/lib/python3.7/site-packages/absl/logging/__init__.py", line 938, in format
    return prefix + super(PythonFormatter, self).format(record)
  File "/home/donghuiy/miniconda3/envs/ml_project/lib/python3.7/logging/__init__.py", line 608, in format
    record.message = record.getMessage()
  File "/home/donghuiy/miniconda3/envs/ml_project/lib/python3.7/logging/__init__.py", line 369, in getMessage
    msg = msg % self.args
TypeError: not all arguments converted during string formatting
Call stack:
  File "/home/donghuiy/miniconda3/envs/ml_project/lib/python3.7/threading.py", line 890, in _bootstrap
    self._bootstrap_inner()
  File "/home/donghuiy/miniconda3/envs/ml_project/lib/python3.7/threading.py", line 926, in _bootstrap_inner
    self.run()
  File "/home/mleone2/ml_class_project/ProteinGAN/src/gan/protein/blast_summary.py", line 22, in run
    tf.logging.warning("Unexpected error in BlastSummary thread:", str(e))
  File "/home/donghuiy/miniconda3/envs/ml_project/lib/python3.7/site-packages/tensorflow/python/platform/tf_logging.py", line 166, in warning
    get_logger().warning(msg, *args, **kwargs)
  File "/home/donghuiy/miniconda3/envs/ml_project/lib/python3.7/logging/__init__.py", line 1390, in warning
    self._log(WARNING, msg, args, **kwargs)
  File "/home/donghuiy/miniconda3/envs/ml_project/lib/python3.7/logging/__init__.py", line 1514, in _log
    self.handle(record)
  File "/home/donghuiy/miniconda3/envs/ml_project/lib/python3.7/logging/__init__.py", line 1524, in handle
    self.callHandlers(record)
  File "/home/donghuiy/miniconda3/envs/ml_project/lib/python3.7/logging/__init__.py", line 1586, in callHandlers
    hdlr.handle(record)
  File "/home/donghuiy/miniconda3/envs/ml_project/lib/python3.7/site-packages/absl/logging/__init__.py", line 901, in handle
    return self._current_handler.handle(record)
  File "/home/donghuiy/miniconda3/envs/ml_project/lib/python3.7/logging/__init__.py", line 894, in handle
    self.emit(record)
  File "/home/donghuiy/miniconda3/envs/ml_project/lib/python3.7/site-packages/absl/logging/__init__.py", line 838, in emit
    super(PythonHandler, self).emit(record)
Message: 'Unexpected error in BlastSummary thread:'
Arguments: ('zero-size array to reduction operation maximum which has no identity',)
INFO:tensorflow:Saving checkpoints for 2416 into /home/mleone2/ml_class_project/ProteinGAN/src/gan/../../weights/protein/our_data/sngan/gumbel/58x512_one_hot/non_saturating/batch_size=16/d_dim_30_g_dim_44/moh1_run_k_3x3_d_1_conv/model.ckpt.
I1204 13:59:27.408716 140650540558144 basic_session_run_hooks.py:606] Saving checkpoints for 2416 into /home/mleone2/ml_class_project/ProteinGAN/src/gan/../../weights/protein/our_data/sngan/gumbel/58x512_one_hot/non_saturating/batch_size=16/d_dim_30_g_dim_44/moh1_run_k_3x3_d_1_conv/model.ckpt.
INFO:tensorflow:Saving checkpoints for 2463 into /home/mleone2/ml_class_project/ProteinGAN/src/gan/../../weights/protein/our_data/sngan/gumbel/58x512_one_hot/non_saturating/batch_size=16/d_dim_30_g_dim_44/moh1_run_k_3x3_d_1_conv/model.ckpt.
I1204 14:19:38.596886 140650540558144 basic_session_run_hooks.py:606] Saving checkpoints for 2463 into /home/mleone2/ml_class_project/ProteinGAN/src/gan/../../weights/protein/our_data/sngan/gumbel/58x512_one_hot/non_saturating/batch_size=16/d_dim_30_g_dim_44/moh1_run_k_3x3_d_1_conv/model.ckpt.
INFO:tensorflow:global_step/sec: 0.0388743
I1204 14:35:56.847854 140650540558144 basic_session_run_hooks.py:692] global_step/sec: 0.0388743
INFO:tensorflow:Saving checkpoints for 2510 into /home/mleone2/ml_class_project/ProteinGAN/src/gan/../../weights/protein/our_data/sngan/gumbel/58x512_one_hot/non_saturating/batch_size=16/d_dim_30_g_dim_44/moh1_run_k_3x3_d_1_conv/model.ckpt.
I1204 14:39:46.799078 140650540558144 basic_session_run_hooks.py:606] Saving checkpoints for 2510 into /home/mleone2/ml_class_project/ProteinGAN/src/gan/../../weights/protein/our_data/sngan/gumbel/58x512_one_hot/non_saturating/batch_size=16/d_dim_30_g_dim_44/moh1_run_k_3x3_d_1_conv/model.ckpt.
INFO:tensorflow:Saving checkpoints for 2557 into /home/mleone2/ml_class_project/ProteinGAN/src/gan/../../weights/protein/our_data/sngan/gumbel/58x512_one_hot/non_saturating/batch_size=16/d_dim_30_g_dim_44/moh1_run_k_3x3_d_1_conv/model.ckpt.
I1204 14:59:53.967188 140650540558144 basic_session_run_hooks.py:606] Saving checkpoints for 2557 into /home/mleone2/ml_class_project/ProteinGAN/src/gan/../../weights/protein/our_data/sngan/gumbel/58x512_one_hot/non_saturating/batch_size=16/d_dim_30_g_dim_44/moh1_run_k_3x3_d_1_conv/model.ckpt.
INFO:tensorflow:global_step/sec: 0.0389858
I1204 15:18:41.887000 140650540558144 basic_session_run_hooks.py:692] global_step/sec: 0.0389858
INFO:tensorflow:Saving checkpoints for 2604 into /home/mleone2/ml_class_project/ProteinGAN/src/gan/../../weights/protein/our_data/sngan/gumbel/58x512_one_hot/non_saturating/batch_size=16/d_dim_30_g_dim_44/moh1_run_k_3x3_d_1_conv/model.ckpt.
I1204 15:19:59.530760 140650540558144 basic_session_run_hooks.py:606] Saving checkpoints for 2604 into /home/mleone2/ml_class_project/ProteinGAN/src/gan/../../weights/protein/our_data/sngan/gumbel/58x512_one_hot/non_saturating/batch_size=16/d_dim_30_g_dim_44/moh1_run_k_3x3_d_1_conv/model.ckpt.
INFO:tensorflow:Saving checkpoints for 2651 into /home/mleone2/ml_class_project/ProteinGAN/src/gan/../../weights/protein/our_data/sngan/gumbel/58x512_one_hot/non_saturating/batch_size=16/d_dim_30_g_dim_44/moh1_run_k_3x3_d_1_conv/model.ckpt.
I1204 15:40:08.624268 140650540558144 basic_session_run_hooks.py:606] Saving checkpoints for 2651 into /home/mleone2/ml_class_project/ProteinGAN/src/gan/../../weights/protein/our_data/sngan/gumbel/58x512_one_hot/non_saturating/batch_size=16/d_dim_30_g_dim_44/moh1_run_k_3x3_d_1_conv/model.ckpt.
Temperature 0.139099345
fake [0 0 3 0 0 1 1 3 2 0 0 1 0 1 3 1 3 1 3 3 1 0 3 0 2 1 3 2 3 2 0 0 2 3 3 1 0 2 3 3 3 1 2 1 0 1 3 1 2 0 3 0 1 2 3 0 2 2 2 2 2 0 0 1 2 3 3 1 1 1 3 0 3 0 2 0 0 0 1 1 2 3 3 0 1 2 3 0 3 0 1 2 0 2 3 1 2 0 3 3 0 0 3 3 3 0 2 1 0 0 3 0 3 3 0 1 1 0 0 0 2 3 2 2 3 2 3 1 2 0 3 1 0 2 3 0 3 0 2 0 1 0 2 1 2 1 2 1 1 2 3 0 2 1 3 1 2 2 2 1 1 1 3 1 1 0 3 0 3 0 2 1 0 1 2 1 2 1 3 1 2 2 3 0 3 0 0 2 2 2 3 0 2 3 3 1 0 2 3 0 0 0 2 1 0 2 3 0 2 3 3 1 1 2 3 0 2 1 0 3 2 2 0 0 2 1 0 3 0 2 3 0 3 0 2 1 2 0 2 0 2 3 2 2 1 2 3 0 2 0 2 2 0 0 2 0 2 3 1 1 0 0 3 0 2 3 2 0 0 0 3 0 2 1 3 1 1 2 3 1 3 1 3 2 2 2 3 1 2 2 2 1 2 3 3 0 3 1 2 1 2 2 1 1 2 1 0 3 1 0 3 0 2 2 2 2 2 2 3 0 3 1 3 1 0 2 3 3 3 0 2 0 2 1 3 1 3 0 3 1 1 2 3 0 0 1 1 0 0 2 3 1 2 0 3 1 1 1 2 0 3 0 2 0 0 1 2 0 2 1 3 1 0 1 3 0 3 2 2 2 2 2 3 1 2 0 3 1 1 2 3 0 2 0 2 0 0 0 3 0 2 1 3 3 3 2 1 0 0 1 2 1 0 2 3 1 2 1 3 1 2 2 3 0 3 1 2 0 0 1 3 1 1 3 3 1 1 0 3 0 3 3 2 2 2 2 3 2 2 1 3 1 1 2 3 0 3 0 2 0 0 0 3 1 2 3 3 0 0 0 3 0 2 0 1 2 2 2 3 1 2 0 1 1 2 2 3 0 3 1 2 1 0 0 1 1 2 1 1 0 3 1 0 0 2 2 0 0 0 0 0 0]
r1_penalty 0.000813807303
INFO:tensorflow:Saving checkpoints for 2697 into /home/mleone2/ml_class_project/ProteinGAN/src/gan/../../weights/protein/our_data/sngan/gumbel/58x512_one_hot/non_saturating/batch_size=16/d_dim_30_g_dim_44/moh1_run_k_3x3_d_1_conv/model.ckpt.
I1204 16:00:10.119277 140650540558144 basic_session_run_hooks.py:606] Saving checkpoints for 2697 into /home/mleone2/ml_class_project/ProteinGAN/src/gan/../../weights/protein/our_data/sngan/gumbel/58x512_one_hot/non_saturating/batch_size=16/d_dim_30_g_dim_44/moh1_run_k_3x3_d_1_conv/model.ckpt.
INFO:tensorflow:global_step/sec: 0.038444
I1204 16:02:03.071296 140650540558144 basic_session_run_hooks.py:692] global_step/sec: 0.038444
INFO:tensorflow: Step = 2701, Dev (Fake) = 0.24500553, Dev (Real) = 0.39868194, Loss (Disc) = 1.3472944, Loss (Gen) = 0.75247407 (7738.614 sec)
I1204 16:02:03.072589 140650540558144 basic_session_run_hooks.py:260]  Step = 2701, Dev (Fake) = 0.24500553, Dev (Real) = 0.39868194, Loss (Disc) = 1.3472944, Loss (Gen) = 0.75247407 (7738.614 sec)
INFO:tensorflow:Saving checkpoints for 2744 into /home/mleone2/ml_class_project/ProteinGAN/src/gan/../../weights/protein/our_data/sngan/gumbel/58x512_one_hot/non_saturating/batch_size=16/d_dim_30_g_dim_44/moh1_run_k_3x3_d_1_conv/model.ckpt.
I1204 16:20:23.207913 140650540558144 basic_session_run_hooks.py:606] Saving checkpoints for 2744 into /home/mleone2/ml_class_project/ProteinGAN/src/gan/../../weights/protein/our_data/sngan/gumbel/58x512_one_hot/non_saturating/batch_size=16/d_dim_30_g_dim_44/moh1_run_k_3x3_d_1_conv/model.ckpt.
INFO:tensorflow:Saving checkpoints for 2791 into /home/mleone2/ml_class_project/ProteinGAN/src/gan/../../weights/protein/our_data/sngan/gumbel/58x512_one_hot/non_saturating/batch_size=16/d_dim_30_g_dim_44/moh1_run_k_3x3_d_1_conv/model.ckpt.
I1204 16:40:34.151391 140650540558144 basic_session_run_hooks.py:606] Saving checkpoints for 2791 into /home/mleone2/ml_class_project/ProteinGAN/src/gan/../../weights/protein/our_data/sngan/gumbel/58x512_one_hot/non_saturating/batch_size=16/d_dim_30_g_dim_44/moh1_run_k_3x3_d_1_conv/model.ckpt.
INFO:tensorflow:global_step/sec: 0.0388399
I1204 16:44:57.740072 140650540558144 basic_session_run_hooks.py:692] global_step/sec: 0.0388399
INFO:tensorflow:Saving checkpoints for 2838 into /home/mleone2/ml_class_project/ProteinGAN/src/gan/../../weights/protein/our_data/sngan/gumbel/58x512_one_hot/non_saturating/batch_size=16/d_dim_30_g_dim_44/moh1_run_k_3x3_d_1_conv/model.ckpt.
I1204 17:00:43.065019 140650540558144 basic_session_run_hooks.py:606] Saving checkpoints for 2838 into /home/mleone2/ml_class_project/ProteinGAN/src/gan/../../weights/protein/our_data/sngan/gumbel/58x512_one_hot/non_saturating/batch_size=16/d_dim_30_g_dim_44/moh1_run_k_3x3_d_1_conv/model.ckpt.
INFO:tensorflow:Saving checkpoints for 2885 into /home/mleone2/ml_class_project/ProteinGAN/src/gan/../../weights/protein/our_data/sngan/gumbel/58x512_one_hot/non_saturating/batch_size=16/d_dim_30_g_dim_44/moh1_run_k_3x3_d_1_conv/model.ckpt.
I1204 17:20:48.583731 140650540558144 basic_session_run_hooks.py:606] Saving checkpoints for 2885 into /home/mleone2/ml_class_project/ProteinGAN/src/gan/../../weights/protein/our_data/sngan/gumbel/58x512_one_hot/non_saturating/batch_size=16/d_dim_30_g_dim_44/moh1_run_k_3x3_d_1_conv/model.ckpt.
INFO:tensorflow:global_step/sec: 0.0388583
I1204 17:27:51.193715 140650540558144 basic_session_run_hooks.py:692] global_step/sec: 0.0388583
INFO:tensorflow:Saving checkpoints for 2932 into /home/mleone2/ml_class_project/ProteinGAN/src/gan/../../weights/protein/our_data/sngan/gumbel/58x512_one_hot/non_saturating/batch_size=16/d_dim_30_g_dim_44/moh1_run_k_3x3_d_1_conv/model.ckpt.
I1204 17:41:03.325462 140650540558144 basic_session_run_hooks.py:606] Saving checkpoints for 2932 into /home/mleone2/ml_class_project/ProteinGAN/src/gan/../../weights/protein/our_data/sngan/gumbel/58x512_one_hot/non_saturating/batch_size=16/d_dim_30_g_dim_44/moh1_run_k_3x3_d_1_conv/model.ckpt.
INFO:tensorflow:Saving checkpoints for 2979 into /home/mleone2/ml_class_project/ProteinGAN/src/gan/../../weights/protein/our_data/sngan/gumbel/58x512_one_hot/non_saturating/batch_size=16/d_dim_30_g_dim_44/moh1_run_k_3x3_d_1_conv/model.ckpt.
I1204 18:01:19.768422 140650540558144 basic_session_run_hooks.py:606] Saving checkpoints for 2979 into /home/mleone2/ml_class_project/ProteinGAN/src/gan/../../weights/protein/our_data/sngan/gumbel/58x512_one_hot/non_saturating/batch_size=16/d_dim_30_g_dim_44/moh1_run_k_3x3_d_1_conv/model.ckpt.
Temperature 0.137268826
fake [0 0 0 0 0 0 3 0 2 0 3 2 2 3 0 0 1 0 2 1 3 3 0 2 2 1 1 2 2 0 0 0 0 1 3 1 3 0 0 1 1 1 3 3 3 3 1 2 0 1 3 2 3 0 0 2 2 1 2 1 0 0 2 3 0 1 0 1 3 3 0 2 0 1 3 0 3 0 0 0 1 1 3 3 3 3 0 2 1 1 2 1 2 0 0 3 1 1 1 1 3 0 3 0 0 1 3 1 3 3 1 1 2 1 1 1 3 3 0 2 1 1 2 1 2 1 0 0 1 1 1 1 3 3 0 0 3 1 3 1 3 3 0 2 1 2 3 1 3 3 0 2 1 1 2 1 2 1 2 0 0 1 1 1 3 3 0 1 0 1 3 1 3 3 3 1 2 2 3 1 2 3 0 2 3 1 2 1 3 1 3 0 0 1 1 1 3 3 0 3 0 1 3 1 3 3 0 0 2 2 0 3 3 3 0 2 2 1 2 1 3 1 3 0 1 1 1 1 3 3 0 0 3 1 3 1 3 3 3 2 1 2 1 1 3 3 0 2 2 1 1 1 2 0 2 3 0 1 1 2 3 3 0 3 0 1 3 1 3 3 0 0 2 1 2 1 3 3 0 2 3 0 2 1 2 1 2 0 0 1 3 1 3 3 0 3 3 1 3 1 3 3 1 2 2 1 1 3 3 3 0 2 1 1 2 1 1 1 2 0 1 1 3 1 3 3 1 3 3 1 3 1 3 3 1 1 2 3 3 1 3 3 0 1 1 1 2 1 3 1 1 1 1 1 1 1 3 3 1 3 3 1 3 1 3 3 1 2 1 1 3 1 3 3 0 2 0 1 2 1 2 1 1 2 0 1 1 1 3 3 0 3 1 1 3 1 3 3 1 0 2 1 2 1 1 1 0 2 2 1 2 1 3 1 1 0 1 1 1 3 3 0 0 1 0 1 3 3 3 3 0 2 2 2 0 3 2 3 0 2 2 1 2 0 2 0 0 0 0 0 2 1 0 3 0 0 0 2 3 1 3 3 0 2 3 2 0 1 0 3 0 2 0 2 2 1 2 0 0 2 0 0 1 2 0 3 0 0 0 2 3 1 3 0 0 2 2 0 0 0 0 3 0 2 0 1 0 0 0 0 0 0]
r1_penalty 0.00162204867
INFO:tensorflow:Saving checkpoints for 3000 into /home/mleone2/ml_class_project/ProteinGAN/src/gan/../../weights/protein/our_data/sngan/gumbel/58x512_one_hot/non_saturating/batch_size=16/d_dim_30_g_dim_44/moh1_run_k_3x3_d_1_conv/model.ckpt.
I1204 18:10:41.393896 140650540558144 basic_session_run_hooks.py:606] Saving checkpoints for 3000 into /home/mleone2/ml_class_project/ProteinGAN/src/gan/../../weights/protein/our_data/sngan/gumbel/58x512_one_hot/non_saturating/batch_size=16/d_dim_30_g_dim_44/moh1_run_k_3x3_d_1_conv/model.ckpt.
